[2025-08-03 22:46:34,817: INFO: common: yaml file: config/config.yaml loaded successfully]
[2025-08-03 22:46:34,817: INFO: common: yaml file: params.yaml loaded successfully]
[2025-08-03 22:46:34,818: INFO: common: yaml file: schema.yaml loaded successfully]
[2025-08-03 22:46:34,818: INFO: common: created directory at: artifacts]
[2025-08-03 22:46:34,818: INFO: common: created directory at: artifacts/data_validation]
[2025-08-03 22:46:34,818: INFO: data_validation: Validating data files...]
[2025-08-03 22:46:34,818: INFO: data_validation: ✅ All required files found!]
[2025-08-03 22:46:34,856: INFO: common: JSON data loaded successfully. Shape: (10000, 14)]
[2025-08-03 22:46:34,857: INFO: data_validation: Validating data columns against schema...]
[2025-08-03 22:46:34,857: ERROR: data_validation: Error during validation: Subscripted generics cannot be used with class and instance checks]
[2025-08-03 22:46:34,878: ERROR: data_validation: Error saving validation status: 'str' object has no attribute 'parent']



[2025-08-03 22:46:46,527: INFO: main: >>>>>> Running the pipeline <<<<<<]
[2025-08-03 22:46:46,527: INFO: main: >>>>>> stage Data Ingestion stage started <<<<<<]
[2025-08-03 22:46:46,528: INFO: common: yaml file: config/config.yaml loaded successfully]
[2025-08-03 22:46:46,528: INFO: common: yaml file: params.yaml loaded successfully]
[2025-08-03 22:46:46,529: INFO: common: yaml file: schema.yaml loaded successfully]
[2025-08-03 22:46:46,529: INFO: common: created directory at: artifacts]
[2025-08-03 22:46:46,529: INFO: common: created directory at: artifacts/data_ingestion]
[2025-08-03 22:46:47,125: INFO: data_ingestion: Downloaded to: /home/afifn/.cache/kagglehub/datasets/waqi786/mental-health-and-technology-usage-dataset/versions/1]
[2025-08-03 22:46:47,156: INFO: data_ingestion: Converted mental_health_and_technology_usage_2024.csv to mental_health_data.json]
[2025-08-03 22:46:47,157: INFO: main: >>>>>> stage Data Ingestion stage completed <<<<<<

x==========x]
[2025-08-03 22:46:47,157: INFO: main: >>>>>> stage Data Validation stage started <<<<<<]
[2025-08-03 22:46:47,157: INFO: common: yaml file: config/config.yaml loaded successfully]
[2025-08-03 22:46:47,158: INFO: common: yaml file: params.yaml loaded successfully]
[2025-08-03 22:46:47,158: INFO: common: yaml file: schema.yaml loaded successfully]
[2025-08-03 22:46:47,158: INFO: common: created directory at: artifacts]
[2025-08-03 22:46:47,158: INFO: common: created directory at: artifacts/data_validation]
[2025-08-03 22:46:47,159: INFO: data_validation_pipeline: Starting data validation pipeline...]
[2025-08-03 22:46:47,159: INFO: data_validation: Validating data files...]
[2025-08-03 22:46:47,159: INFO: data_validation: ✅ All required files found!]
[2025-08-03 22:46:47,159: INFO: data_validation_pipeline: Loading data from artifacts/data_ingestion/mental_health_data.json]
[2025-08-03 22:46:47,186: INFO: common: JSON data loaded successfully. Shape: (10000, 14)]
[2025-08-03 22:46:47,188: INFO: data_validation_pipeline: Data loaded successfully. Shape: (10000, 14)]
[2025-08-03 22:46:47,188: INFO: data_validation: Validating data columns against schema...]
[2025-08-03 22:46:47,188: ERROR: data_validation: Error during validation: Subscripted generics cannot be used with class and instance checks]
[2025-08-03 22:46:47,207: ERROR: data_validation_pipeline: ❌ Data validation failed!]
[2025-08-03 22:46:47,208: ERROR: data_validation: Error saving validation status: 'str' object has no attribute 'parent']
[2025-08-03 22:46:47,209: INFO: main: >>>>>> stage Data Validation stage completed <<<<<<

x==========x]
[2025-08-03 22:50:06,999: INFO: main: >>>>>> Running the pipeline <<<<<<]
[2025-08-03 22:50:06,999: INFO: main: >>>>>> stage Data Ingestion stage started <<<<<<]
[2025-08-03 22:50:07,000: INFO: common: yaml file: config/config.yaml loaded successfully]
[2025-08-03 22:50:07,001: INFO: common: yaml file: params.yaml loaded successfully]
[2025-08-03 22:50:07,001: INFO: common: yaml file: schema.yaml loaded successfully]
[2025-08-03 22:50:07,001: INFO: common: created directory at: artifacts]
[2025-08-03 22:50:07,001: INFO: common: created directory at: artifacts/data_ingestion]
[2025-08-03 22:50:07,576: INFO: data_ingestion: Downloaded to: /home/afifn/.cache/kagglehub/datasets/waqi786/mental-health-and-technology-usage-dataset/versions/1]
[2025-08-03 22:50:07,607: INFO: data_ingestion: Converted mental_health_and_technology_usage_2024.csv to mental_health_data.json]
[2025-08-03 22:50:07,607: INFO: main: >>>>>> stage Data Ingestion stage completed <<<<<<

x==========x]
[2025-08-03 22:50:07,607: INFO: main: >>>>>> stage Data Validation stage started <<<<<<]
[2025-08-03 22:50:07,608: INFO: common: yaml file: config/config.yaml loaded successfully]
[2025-08-03 22:50:07,608: INFO: common: yaml file: params.yaml loaded successfully]
[2025-08-03 22:50:07,609: INFO: common: yaml file: schema.yaml loaded successfully]
[2025-08-03 22:50:07,609: INFO: common: created directory at: artifacts]
[2025-08-03 22:50:07,609: INFO: common: created directory at: artifacts/data_validation]
[2025-08-03 22:50:07,609: INFO: data_validation_pipeline: Starting data validation pipeline...]
[2025-08-03 22:50:07,609: INFO: data_validation: Validating data files...]
[2025-08-03 22:50:07,609: INFO: data_validation: ✅ All required files found!]
[2025-08-03 22:50:07,609: INFO: data_validation_pipeline: Loading data from artifacts/data_ingestion/mental_health_data.json]
[2025-08-03 22:50:07,635: INFO: common: JSON data loaded successfully. Shape: (10000, 14)]
[2025-08-03 22:50:07,636: INFO: data_validation_pipeline: Data loaded successfully. Shape: (10000, 14)]
[2025-08-03 22:50:07,636: INFO: data_validation: Validating data columns against schema...]
[2025-08-03 22:50:07,636: ERROR: data_validation: Error during validation: Subscripted generics cannot be used with class and instance checks]
[2025-08-03 22:50:07,653: ERROR: data_validation_pipeline: ❌ Data validation failed!]
[2025-08-03 22:50:07,653: INFO: data_validation: Validation status saved to artifacts/data_validation/status.txt]
[2025-08-03 22:50:07,654: ERROR: data_validation: Error saving validation status: Object of type ObjectDType is not JSON serializable]
[2025-08-03 22:50:07,654: INFO: main: >>>>>> stage Data Validation stage completed <<<<<<

x==========x]
[2025-08-03 22:50:08,716: INFO: main: >>>>>> Running the pipeline <<<<<<]
[2025-08-03 22:50:08,716: INFO: main: >>>>>> stage Data Ingestion stage started <<<<<<]
[2025-08-03 22:50:08,717: INFO: common: yaml file: config/config.yaml loaded successfully]
[2025-08-03 22:50:08,718: INFO: common: yaml file: params.yaml loaded successfully]
[2025-08-03 22:50:08,719: INFO: common: yaml file: schema.yaml loaded successfully]
[2025-08-03 22:50:08,719: INFO: common: created directory at: artifacts]
[2025-08-03 22:50:08,719: INFO: common: created directory at: artifacts/data_ingestion]
[2025-08-03 22:50:09,463: INFO: data_ingestion: Downloaded to: /home/afifn/.cache/kagglehub/datasets/waqi786/mental-health-and-technology-usage-dataset/versions/1]
[2025-08-03 22:50:09,498: INFO: data_ingestion: Converted mental_health_and_technology_usage_2024.csv to mental_health_data.json]
[2025-08-03 22:50:09,498: INFO: main: >>>>>> stage Data Ingestion stage completed <<<<<<

x==========x]
[2025-08-03 22:50:09,498: INFO: main: >>>>>> stage Data Validation stage started <<<<<<]
[2025-08-03 22:50:09,499: INFO: common: yaml file: config/config.yaml loaded successfully]
[2025-08-03 22:50:09,499: INFO: common: yaml file: params.yaml loaded successfully]
[2025-08-03 22:50:09,500: INFO: common: yaml file: schema.yaml loaded successfully]
[2025-08-03 22:50:09,500: INFO: common: created directory at: artifacts]
[2025-08-03 22:50:09,500: INFO: common: created directory at: artifacts/data_validation]
[2025-08-03 22:50:09,500: INFO: data_validation_pipeline: Starting data validation pipeline...]
[2025-08-03 22:50:09,500: INFO: data_validation: Validating data files...]
[2025-08-03 22:50:09,500: INFO: data_validation: ✅ All required files found!]
[2025-08-03 22:50:09,500: INFO: data_validation_pipeline: Loading data from artifacts/data_ingestion/mental_health_data.json]
[2025-08-03 22:50:09,525: INFO: common: JSON data loaded successfully. Shape: (10000, 14)]
[2025-08-03 22:50:09,526: INFO: data_validation_pipeline: Data loaded successfully. Shape: (10000, 14)]
[2025-08-03 22:50:09,526: INFO: data_validation: Validating data columns against schema...]
[2025-08-03 22:50:09,526: ERROR: data_validation: Error during validation: Subscripted generics cannot be used with class and instance checks]
[2025-08-03 22:50:09,549: ERROR: data_validation_pipeline: ❌ Data validation failed!]
[2025-08-03 22:50:09,550: INFO: data_validation: Validation status saved to artifacts/data_validation/status.txt]
[2025-08-03 22:50:09,550: ERROR: data_validation: Error saving validation status: Object of type ObjectDType is not JSON serializable]
[2025-08-03 22:50:09,550: INFO: main: >>>>>> stage Data Validation stage completed <<<<<<

x==========x]
[2025-08-03 22:51:28,106: INFO: main: >>>>>> Running the pipeline <<<<<<]
[2025-08-03 22:51:28,107: INFO: main: >>>>>> stage Data Ingestion stage started <<<<<<]
[2025-08-03 22:51:28,107: INFO: common: yaml file: config/config.yaml loaded successfully]
[2025-08-03 22:51:28,108: INFO: common: yaml file: params.yaml loaded successfully]
[2025-08-03 22:51:28,109: INFO: common: yaml file: schema.yaml loaded successfully]
[2025-08-03 22:51:28,109: INFO: common: created directory at: artifacts]
[2025-08-03 22:51:28,109: INFO: common: created directory at: artifacts/data_ingestion]
[2025-08-03 22:51:28,931: INFO: data_ingestion: Downloaded to: /home/afifn/.cache/kagglehub/datasets/waqi786/mental-health-and-technology-usage-dataset/versions/1]
[2025-08-03 22:51:28,967: INFO: data_ingestion: Converted mental_health_and_technology_usage_2024.csv to mental_health_data.json]
[2025-08-03 22:51:28,967: INFO: main: >>>>>> stage Data Ingestion stage completed <<<<<<

x==========x]
[2025-08-03 22:51:28,967: INFO: main: >>>>>> stage Data Validation stage started <<<<<<]
[2025-08-03 22:51:28,968: INFO: common: yaml file: config/config.yaml loaded successfully]
[2025-08-03 22:51:28,968: INFO: common: yaml file: params.yaml loaded successfully]
[2025-08-03 22:51:28,968: INFO: common: yaml file: schema.yaml loaded successfully]
[2025-08-03 22:51:28,969: INFO: common: created directory at: artifacts]
[2025-08-03 22:51:28,969: INFO: common: created directory at: artifacts/data_validation]
[2025-08-03 22:51:28,969: INFO: data_validation_pipeline: Starting data validation pipeline...]
[2025-08-03 22:51:28,969: INFO: data_validation: Validating data files...]
[2025-08-03 22:51:28,969: INFO: data_validation: ✅ All required files found!]
[2025-08-03 22:51:28,969: INFO: data_validation_pipeline: Loading data from artifacts/data_ingestion/mental_health_data.json]
[2025-08-03 22:51:28,996: INFO: common: JSON data loaded successfully. Shape: (10000, 14)]
[2025-08-03 22:51:28,996: INFO: data_validation_pipeline: Data loaded successfully. Shape: (10000, 14)]
[2025-08-03 22:51:28,997: INFO: data_validation: Validating data columns against schema...]
[2025-08-03 22:51:28,997: ERROR: data_validation: Error during validation: Subscripted generics cannot be used with class and instance checks]
[2025-08-03 22:51:29,020: ERROR: data_validation_pipeline: ❌ Data validation failed!]
[2025-08-03 22:51:29,020: INFO: data_validation: Validation status saved to artifacts/data_validation/status.txt]
[2025-08-03 22:51:29,020: ERROR: data_validation: Error saving validation status: Object of type ObjectDType is not JSON serializable]
[2025-08-03 22:51:29,022: INFO: main: >>>>>> stage Data Validation stage completed <<<<<<

x==========x]
[2025-08-03 22:52:25,642: INFO: main: >>>>>> Running the pipeline <<<<<<]
[2025-08-03 22:52:25,642: INFO: main: >>>>>> stage Data Ingestion stage started <<<<<<]
[2025-08-03 22:52:25,643: INFO: common: yaml file: config/config.yaml loaded successfully]
[2025-08-03 22:52:25,644: INFO: common: yaml file: params.yaml loaded successfully]
[2025-08-03 22:52:25,645: INFO: common: yaml file: schema.yaml loaded successfully]
[2025-08-03 22:52:25,645: INFO: common: created directory at: artifacts]
[2025-08-03 22:52:25,645: INFO: common: created directory at: artifacts/data_ingestion]
[2025-08-03 22:52:26,388: INFO: data_ingestion: Downloaded to: /home/afifn/.cache/kagglehub/datasets/waqi786/mental-health-and-technology-usage-dataset/versions/1]
[2025-08-03 22:52:26,422: INFO: data_ingestion: Converted mental_health_and_technology_usage_2024.csv to mental_health_data.json]
[2025-08-03 22:52:26,422: INFO: main: >>>>>> stage Data Ingestion stage completed <<<<<<

x==========x]
[2025-08-03 22:52:26,422: INFO: main: >>>>>> stage Data Validation stage started <<<<<<]
[2025-08-03 22:52:26,422: INFO: common: yaml file: config/config.yaml loaded successfully]
[2025-08-03 22:52:26,423: INFO: common: yaml file: params.yaml loaded successfully]
[2025-08-03 22:52:26,423: INFO: common: yaml file: schema.yaml loaded successfully]
[2025-08-03 22:52:26,423: INFO: common: created directory at: artifacts]
[2025-08-03 22:52:26,423: INFO: common: created directory at: artifacts/data_validation]
[2025-08-03 22:52:26,423: INFO: data_validation_pipeline: Starting data validation pipeline...]
[2025-08-03 22:52:26,423: INFO: data_validation: Validating data files...]
[2025-08-03 22:52:26,423: INFO: data_validation: ✅ All required files found!]
[2025-08-03 22:52:26,423: INFO: data_validation_pipeline: Loading data from artifacts/data_ingestion/mental_health_and_technology_usage_2024.csv]
[2025-08-03 22:52:26,430: INFO: data_validation_pipeline: Data loaded successfully. Shape: (10000, 14)]
[2025-08-03 22:52:26,430: INFO: data_validation: Validating data columns against schema...]
[2025-08-03 22:52:26,430: ERROR: data_validation: Error during validation: Subscripted generics cannot be used with class and instance checks]
[2025-08-03 22:52:26,449: ERROR: data_validation_pipeline: ❌ Data validation failed!]
[2025-08-03 22:52:26,449: INFO: data_validation: Validation status saved to artifacts/data_validation/status.txt]
[2025-08-03 22:52:26,449: ERROR: data_validation: Error saving validation status: Object of type int64 is not JSON serializable]
[2025-08-03 22:52:26,449: INFO: main: >>>>>> stage Data Validation stage completed <<<<<<

x==========x]
[2025-08-03 22:55:04,531: INFO: main: >>>>>> Running the pipeline <<<<<<]
[2025-08-03 22:55:04,532: INFO: main: >>>>>> stage Data Ingestion stage started <<<<<<]
[2025-08-03 22:55:04,532: INFO: common: yaml file: config/config.yaml loaded successfully]
[2025-08-03 22:55:04,532: INFO: common: yaml file: params.yaml loaded successfully]
[2025-08-03 22:55:04,533: INFO: common: yaml file: schema.yaml loaded successfully]
[2025-08-03 22:55:04,533: INFO: common: created directory at: artifacts]
[2025-08-03 22:55:04,533: INFO: common: created directory at: artifacts/data_ingestion]
[2025-08-03 22:55:05,217: INFO: data_ingestion: Downloaded to: /home/afifn/.cache/kagglehub/datasets/waqi786/mental-health-and-technology-usage-dataset/versions/1]
[2025-08-03 22:55:05,250: INFO: data_ingestion: Converted mental_health_and_technology_usage_2024.csv to mental_health_data.json]
[2025-08-03 22:55:05,250: INFO: main: >>>>>> stage Data Ingestion stage completed <<<<<<

x==========x]
[2025-08-03 22:55:05,250: INFO: main: >>>>>> stage Data Validation stage started <<<<<<]
[2025-08-03 22:55:05,251: INFO: common: yaml file: config/config.yaml loaded successfully]
[2025-08-03 22:55:05,251: INFO: common: yaml file: params.yaml loaded successfully]
[2025-08-03 22:55:05,252: INFO: common: yaml file: schema.yaml loaded successfully]
[2025-08-03 22:55:05,252: INFO: common: created directory at: artifacts]
[2025-08-03 22:55:05,252: INFO: common: created directory at: artifacts/data_validation]
[2025-08-03 22:55:05,252: INFO: data_validation_pipeline: Starting data validation pipeline...]
[2025-08-03 22:55:05,252: INFO: data_validation: Validating data files...]
[2025-08-03 22:55:05,252: INFO: data_validation: ✅ All required files found!]
[2025-08-03 22:55:05,252: INFO: data_validation_pipeline: Loading data from artifacts/data_ingestion/mental_health_and_technology_usage_2024.csv]
[2025-08-03 22:55:05,259: INFO: data_validation_pipeline: Data loaded successfully. Shape: (10000, 14)]
[2025-08-03 22:55:05,259: INFO: data_validation: Validating data columns against schema...]
[2025-08-03 22:55:05,259: ERROR: data_validation: Error during validation: Subscripted generics cannot be used with class and instance checks]
[2025-08-03 22:55:05,275: ERROR: data_validation_pipeline: ❌ Data validation failed!]
[2025-08-03 22:55:05,275: INFO: data_validation: Validation status saved to artifacts/data_validation/status.txt]
[2025-08-03 22:55:05,275: INFO: common: json file saved at: artifacts/data_validation/validation_report.json]
[2025-08-03 22:55:05,275: INFO: common: Validation report saved to: artifacts/data_validation/validation_report.json]
[2025-08-03 22:55:05,275: INFO: main: >>>>>> stage Data Validation stage completed <<<<<<

x==========x]
[2025-08-03 22:56:28,926: INFO: main: >>>>>> Running the pipeline <<<<<<]
[2025-08-03 22:56:28,926: INFO: main: >>>>>> stage Data Ingestion stage started <<<<<<]
[2025-08-03 22:56:28,926: INFO: common: yaml file: config/config.yaml loaded successfully]
[2025-08-03 22:56:28,927: INFO: common: yaml file: params.yaml loaded successfully]
[2025-08-03 22:56:28,927: INFO: common: yaml file: schema.yaml loaded successfully]
[2025-08-03 22:56:28,927: INFO: common: created directory at: artifacts]
[2025-08-03 22:56:28,927: INFO: common: created directory at: artifacts/data_ingestion]
[2025-08-03 22:56:29,502: INFO: data_ingestion: Downloaded to: /home/afifn/.cache/kagglehub/datasets/waqi786/mental-health-and-technology-usage-dataset/versions/1]
[2025-08-03 22:56:29,532: INFO: data_ingestion: Converted mental_health_and_technology_usage_2024.csv to mental_health_data.json]
[2025-08-03 22:56:29,532: INFO: main: >>>>>> stage Data Ingestion stage completed <<<<<<

x==========x]
[2025-08-03 22:56:29,532: INFO: main: >>>>>> stage Data Validation stage started <<<<<<]
[2025-08-03 22:56:29,533: INFO: common: yaml file: config/config.yaml loaded successfully]
[2025-08-03 22:56:29,533: INFO: common: yaml file: params.yaml loaded successfully]
[2025-08-03 22:56:29,533: INFO: common: yaml file: schema.yaml loaded successfully]
[2025-08-03 22:56:29,533: INFO: common: created directory at: artifacts]
[2025-08-03 22:56:29,533: INFO: common: created directory at: artifacts/data_validation]
[2025-08-03 22:56:29,533: INFO: data_validation_pipeline: Starting data validation pipeline...]
[2025-08-03 22:56:29,533: INFO: data_validation: Validating data files...]
[2025-08-03 22:56:29,533: INFO: data_validation: ✅ All required files found!]
[2025-08-03 22:56:29,533: INFO: data_validation_pipeline: Loading data from artifacts/data_ingestion/mental_health_and_technology_usage_2024.csv]
[2025-08-03 22:56:29,540: INFO: data_validation_pipeline: Data loaded successfully. Shape: (10000, 14)]
[2025-08-03 22:56:29,540: INFO: data_validation: Validating data columns against schema...]
[2025-08-03 22:56:29,540: ERROR: data_validation: Type mismatches found: [{'column': 'Age', 'expected': 'int64', 'actual': 'int64'}, {'column': 'Technology_Usage_Hours', 'expected': 'float64', 'actual': 'float64'}, {'column': 'Social_Media_Usage_Hours', 'expected': 'float64', 'actual': 'float64'}, {'column': 'Gaming_Hours', 'expected': 'float64', 'actual': 'float64'}, {'column': 'Screen_Time_Hours', 'expected': 'float64', 'actual': 'float64'}, {'column': 'Sleep_Hours', 'expected': 'float64', 'actual': 'float64'}, {'column': 'Physical_Activity_Hours', 'expected': 'float64', 'actual': 'float64'}]]
[2025-08-03 22:56:29,555: ERROR: data_validation_pipeline: ❌ Data validation failed!]
[2025-08-03 22:56:29,555: INFO: data_validation: Validation status saved to artifacts/data_validation/status.txt]
[2025-08-03 22:56:29,555: INFO: common: json file saved at: artifacts/data_validation/validation_report.json]
[2025-08-03 22:56:29,555: INFO: common: Validation report saved to: artifacts/data_validation/validation_report.json]
[2025-08-03 22:56:29,555: INFO: main: >>>>>> stage Data Validation stage completed <<<<<<

x==========x]
[2025-08-03 22:58:15,260: INFO: main: >>>>>> Running the pipeline <<<<<<]
[2025-08-03 22:58:15,260: INFO: main: >>>>>> stage Data Ingestion stage started <<<<<<]
[2025-08-03 22:58:15,260: INFO: common: yaml file: config/config.yaml loaded successfully]
[2025-08-03 22:58:15,260: INFO: common: yaml file: params.yaml loaded successfully]
[2025-08-03 22:58:15,261: INFO: common: yaml file: schema.yaml loaded successfully]
[2025-08-03 22:58:15,261: INFO: common: created directory at: artifacts]
[2025-08-03 22:58:15,261: INFO: common: created directory at: artifacts/data_ingestion]
[2025-08-03 22:58:15,841: INFO: data_ingestion: Downloaded to: /home/afifn/.cache/kagglehub/datasets/waqi786/mental-health-and-technology-usage-dataset/versions/1]
[2025-08-03 22:58:15,872: INFO: data_ingestion: Converted mental_health_and_technology_usage_2024.csv to mental_health_data.json]
[2025-08-03 22:58:15,873: INFO: main: >>>>>> stage Data Ingestion stage completed <<<<<<

x==========x]
[2025-08-03 22:58:15,873: INFO: main: >>>>>> stage Data Validation stage started <<<<<<]
[2025-08-03 22:58:15,873: INFO: common: yaml file: config/config.yaml loaded successfully]
[2025-08-03 22:58:15,874: INFO: common: yaml file: params.yaml loaded successfully]
[2025-08-03 22:58:15,874: INFO: common: yaml file: schema.yaml loaded successfully]
[2025-08-03 22:58:15,874: INFO: common: created directory at: artifacts]
[2025-08-03 22:58:15,874: INFO: common: created directory at: artifacts/data_validation]
[2025-08-03 22:58:15,874: INFO: data_validation_pipeline: Starting data validation pipeline...]
[2025-08-03 22:58:15,874: INFO: data_validation: Validating data files...]
[2025-08-03 22:58:15,874: INFO: data_validation: ✅ All required files found!]
[2025-08-03 22:58:15,874: INFO: data_validation_pipeline: Loading data from artifacts/data_ingestion/mental_health_and_technology_usage_2024.csv]
[2025-08-03 22:58:15,881: INFO: data_validation_pipeline: Data loaded successfully. Shape: (10000, 14)]
[2025-08-03 22:58:15,881: INFO: data_validation: Validating data columns against schema...]
[2025-08-03 22:58:15,881: INFO: data_validation: ✅ All columns validated successfully!]
[2025-08-03 22:58:15,896: INFO: data_validation_pipeline: ✅ Data validation completed successfully!]
[2025-08-03 22:58:15,897: INFO: data_validation: Validation status saved to artifacts/data_validation/status.txt]
[2025-08-03 22:58:15,897: INFO: common: json file saved at: artifacts/data_validation/validation_report.json]
[2025-08-03 22:58:15,897: INFO: common: Validation report saved to: artifacts/data_validation/validation_report.json]
[2025-08-03 22:58:15,897: INFO: main: >>>>>> stage Data Validation stage completed <<<<<<

x==========x]
[2025-08-03 23:07:51,096: INFO: main: >>>>>> Running the pipeline <<<<<<]
[2025-08-03 23:07:51,097: INFO: main: >>>>>> stage Data Ingestion stage started <<<<<<]
[2025-08-03 23:07:51,097: INFO: common: yaml file: config/config.yaml loaded successfully]
[2025-08-03 23:07:51,098: INFO: common: yaml file: params.yaml loaded successfully]
[2025-08-03 23:07:51,098: INFO: common: yaml file: schema.yaml loaded successfully]
[2025-08-03 23:07:51,098: INFO: common: created directory at: artifacts]
[2025-08-03 23:07:51,098: INFO: common: created directory at: artifacts/data_ingestion]
[2025-08-03 23:07:51,754: INFO: data_ingestion: Downloaded to: /home/afifn/.cache/kagglehub/datasets/waqi786/mental-health-and-technology-usage-dataset/versions/1]
[2025-08-03 23:07:51,786: INFO: data_ingestion: Converted mental_health_and_technology_usage_2024.csv to mental_health_data.json]
[2025-08-03 23:07:51,787: INFO: main: >>>>>> stage Data Ingestion stage completed <<<<<<

x==========x]
[2025-08-03 23:07:51,787: INFO: main: >>>>>> stage Data Validation stage started <<<<<<]
[2025-08-03 23:07:51,788: INFO: common: yaml file: config/config.yaml loaded successfully]
[2025-08-03 23:07:51,788: INFO: common: yaml file: params.yaml loaded successfully]
[2025-08-03 23:07:51,789: INFO: common: yaml file: schema.yaml loaded successfully]
[2025-08-03 23:07:51,789: INFO: common: created directory at: artifacts]
[2025-08-03 23:07:51,789: INFO: common: created directory at: artifacts/data_validation]
[2025-08-03 23:07:51,789: INFO: data_validation_pipeline: Starting data validation pipeline...]
[2025-08-03 23:07:51,789: INFO: data_validation_pipeline: === FILE VALIDATION ===]
[2025-08-03 23:07:51,789: INFO: data_validation: Validating data files...]
[2025-08-03 23:07:51,789: INFO: data_validation: ✅ All required files found!]
[2025-08-03 23:07:51,789: INFO: data_validation_pipeline: Loading data from artifacts/data_ingestion/mental_health_and_technology_usage_2024.csv]
[2025-08-03 23:07:51,795: INFO: data_validation_pipeline: === COLUMN VALIDATION ===]
[2025-08-03 23:07:51,795: INFO: data_validation: Validating data columns against schema...]
[2025-08-03 23:07:51,796: ERROR: data_validation: Type mismatches found: [{'column': 'Age', 'expected': 'int64', 'actual': 'int64'}, {'column': 'Technology_Usage_Hours', 'expected': 'float64', 'actual': 'float64'}, {'column': 'Social_Media_Usage_Hours', 'expected': 'float64', 'actual': 'float64'}, {'column': 'Gaming_Hours', 'expected': 'float64', 'actual': 'float64'}, {'column': 'Screen_Time_Hours', 'expected': 'float64', 'actual': 'float64'}, {'column': 'Sleep_Hours', 'expected': 'float64', 'actual': 'float64'}, {'column': 'Physical_Activity_Hours', 'expected': 'float64', 'actual': 'float64'}]]
[2025-08-03 23:07:51,796: INFO: data_validation_pipeline: === QUALITY VALIDATION ===]
[2025-08-03 23:07:51,796: INFO: data_validation: Validating data quality...]
[2025-08-03 23:07:51,801: INFO: data_validation: ✅ Data quality validation passed!]
[2025-08-03 23:07:51,801: INFO: data_validation_pipeline: === RANGE VALIDATION ===]
[2025-08-03 23:07:51,801: INFO: data_validation: Validating data ranges...]
[2025-08-03 23:07:51,801: INFO: data_validation: ✅ Data range validation passed!]
[2025-08-03 23:07:51,801: ERROR: data_validation_pipeline: ❌ Some validation categories failed!]
[2025-08-03 23:07:51,801: INFO: data_validation: Validation status saved to artifacts/data_validation/status.txt]
[2025-08-03 23:07:51,801: INFO: main: >>>>>> stage Data Validation stage completed <<<<<<

x==========x]
[2025-08-03 23:08:34,115: INFO: main: >>>>>> Running the pipeline <<<<<<]
[2025-08-03 23:08:34,116: INFO: main: >>>>>> stage Data Ingestion stage started <<<<<<]
[2025-08-03 23:08:34,116: INFO: common: yaml file: config/config.yaml loaded successfully]
[2025-08-03 23:08:34,117: INFO: common: yaml file: params.yaml loaded successfully]
[2025-08-03 23:08:34,118: INFO: common: yaml file: schema.yaml loaded successfully]
[2025-08-03 23:08:34,118: INFO: common: created directory at: artifacts]
[2025-08-03 23:08:34,118: INFO: common: created directory at: artifacts/data_ingestion]
[2025-08-03 23:08:34,865: INFO: data_ingestion: Downloaded to: /home/afifn/.cache/kagglehub/datasets/waqi786/mental-health-and-technology-usage-dataset/versions/1]
[2025-08-03 23:08:34,901: INFO: data_ingestion: Converted mental_health_and_technology_usage_2024.csv to mental_health_data.json]
[2025-08-03 23:08:34,902: INFO: main: >>>>>> stage Data Ingestion stage completed <<<<<<

x==========x]
[2025-08-03 23:08:34,902: INFO: main: >>>>>> stage Data Validation stage started <<<<<<]
[2025-08-03 23:08:34,903: INFO: common: yaml file: config/config.yaml loaded successfully]
[2025-08-03 23:08:34,903: INFO: common: yaml file: params.yaml loaded successfully]
[2025-08-03 23:08:34,904: INFO: common: yaml file: schema.yaml loaded successfully]
[2025-08-03 23:08:34,904: INFO: common: created directory at: artifacts]
[2025-08-03 23:08:34,904: INFO: common: created directory at: artifacts/data_validation]
[2025-08-03 23:08:34,904: INFO: data_validation_pipeline: Starting data validation pipeline...]
[2025-08-03 23:08:34,904: INFO: data_validation_pipeline: === FILE VALIDATION ===]
[2025-08-03 23:08:34,904: INFO: data_validation: Validating data files...]
[2025-08-03 23:08:34,904: INFO: data_validation: ✅ All required files found!]
[2025-08-03 23:08:34,904: INFO: data_validation_pipeline: Loading data from artifacts/data_ingestion/mental_health_and_technology_usage_2024.csv]
[2025-08-03 23:08:34,911: INFO: data_validation_pipeline: === COLUMN VALIDATION ===]
[2025-08-03 23:08:34,911: INFO: data_validation: Validating data columns against schema...]
[2025-08-03 23:08:34,912: ERROR: data_validation: Type mismatches found: [{'column': 'Age', 'expected': 'int64', 'actual': 'int64'}, {'column': 'Technology_Usage_Hours', 'expected': 'float64', 'actual': 'float64'}, {'column': 'Social_Media_Usage_Hours', 'expected': 'float64', 'actual': 'float64'}, {'column': 'Gaming_Hours', 'expected': 'float64', 'actual': 'float64'}, {'column': 'Screen_Time_Hours', 'expected': 'float64', 'actual': 'float64'}, {'column': 'Sleep_Hours', 'expected': 'float64', 'actual': 'float64'}, {'column': 'Physical_Activity_Hours', 'expected': 'float64', 'actual': 'float64'}]]
[2025-08-03 23:08:34,912: INFO: data_validation_pipeline: === QUALITY VALIDATION ===]
[2025-08-03 23:08:34,912: INFO: data_validation: Validating data quality...]
[2025-08-03 23:08:34,921: INFO: data_validation: ✅ Data quality validation passed!]
[2025-08-03 23:08:34,921: INFO: data_validation_pipeline: === RANGE VALIDATION ===]
[2025-08-03 23:08:34,921: INFO: data_validation: Validating data ranges...]
[2025-08-03 23:08:34,921: INFO: data_validation: ✅ Data range validation passed!]
[2025-08-03 23:08:34,922: ERROR: data_validation_pipeline: ❌ Some validation categories failed!]
[2025-08-03 23:08:34,922: INFO: data_validation: Validation status saved to artifacts/data_validation/status.txt]
[2025-08-03 23:08:34,922: INFO: main: >>>>>> stage Data Validation stage completed <<<<<<

x==========x]
[2025-08-03 23:08:46,643: INFO: main: >>>>>> Running the pipeline <<<<<<]
[2025-08-03 23:08:46,643: INFO: main: >>>>>> stage Data Ingestion stage started <<<<<<]
[2025-08-03 23:08:46,643: INFO: common: yaml file: config/config.yaml loaded successfully]
[2025-08-03 23:08:46,645: INFO: common: yaml file: params.yaml loaded successfully]
[2025-08-03 23:08:46,645: INFO: common: yaml file: schema.yaml loaded successfully]
[2025-08-03 23:08:46,645: INFO: common: created directory at: artifacts]
[2025-08-03 23:08:46,645: INFO: common: created directory at: artifacts/data_ingestion]
[2025-08-03 23:08:47,375: INFO: data_ingestion: Downloaded to: /home/afifn/.cache/kagglehub/datasets/waqi786/mental-health-and-technology-usage-dataset/versions/1]
[2025-08-03 23:08:47,406: INFO: data_ingestion: Converted mental_health_and_technology_usage_2024.csv to mental_health_data.json]
[2025-08-03 23:08:47,406: INFO: main: >>>>>> stage Data Ingestion stage completed <<<<<<

x==========x]
[2025-08-03 23:08:47,407: INFO: main: >>>>>> stage Data Validation stage started <<<<<<]
[2025-08-03 23:08:47,407: INFO: common: yaml file: config/config.yaml loaded successfully]
[2025-08-03 23:08:47,407: INFO: common: yaml file: params.yaml loaded successfully]
[2025-08-03 23:08:47,408: INFO: common: yaml file: schema.yaml loaded successfully]
[2025-08-03 23:08:47,408: INFO: common: created directory at: artifacts]
[2025-08-03 23:08:47,408: INFO: common: created directory at: artifacts/data_validation]
[2025-08-03 23:08:47,408: INFO: data_validation_pipeline: Starting data validation pipeline...]
[2025-08-03 23:08:47,408: INFO: data_validation_pipeline: === FILE VALIDATION ===]
[2025-08-03 23:08:47,408: INFO: data_validation: Validating data files...]
[2025-08-03 23:08:47,408: INFO: data_validation: ✅ All required files found!]
[2025-08-03 23:08:47,408: INFO: data_validation_pipeline: Loading data from artifacts/data_ingestion/mental_health_and_technology_usage_2024.csv]
[2025-08-03 23:08:47,415: INFO: data_validation_pipeline: === COLUMN VALIDATION ===]
[2025-08-03 23:08:47,415: INFO: data_validation: Validating data columns against schema...]
[2025-08-03 23:08:47,415: INFO: data_validation: ✅ All columns validated successfully!]
[2025-08-03 23:08:47,415: INFO: data_validation_pipeline: === QUALITY VALIDATION ===]
[2025-08-03 23:08:47,415: INFO: data_validation: Validating data quality...]
[2025-08-03 23:08:47,422: INFO: data_validation: ✅ Data quality validation passed!]
[2025-08-03 23:08:47,422: INFO: data_validation_pipeline: === RANGE VALIDATION ===]
[2025-08-03 23:08:47,422: INFO: data_validation: Validating data ranges...]
[2025-08-03 23:08:47,422: INFO: data_validation: ✅ Data range validation passed!]
[2025-08-03 23:08:47,422: INFO: data_validation_pipeline: ✅ All validation categories passed!]
[2025-08-03 23:08:47,422: INFO: data_validation: Validation status saved to artifacts/data_validation/status.txt]
[2025-08-03 23:08:47,423: INFO: main: >>>>>> stage Data Validation stage completed <<<<<<

x==========x]
[2025-08-03 23:09:16,210: INFO: main: >>>>>> Running the pipeline <<<<<<]
[2025-08-03 23:09:16,210: INFO: main: >>>>>> stage Data Ingestion stage started <<<<<<]
[2025-08-03 23:09:16,210: INFO: common: yaml file: config/config.yaml loaded successfully]
[2025-08-03 23:09:16,211: INFO: common: yaml file: params.yaml loaded successfully]
[2025-08-03 23:09:16,212: INFO: common: yaml file: schema.yaml loaded successfully]
[2025-08-03 23:09:16,212: INFO: common: created directory at: artifacts]
[2025-08-03 23:09:16,212: INFO: common: created directory at: artifacts/data_ingestion]
[2025-08-03 23:09:16,815: INFO: data_ingestion: Downloaded to: /home/afifn/.cache/kagglehub/datasets/waqi786/mental-health-and-technology-usage-dataset/versions/1]
[2025-08-03 23:09:16,847: INFO: data_ingestion: Converted mental_health_and_technology_usage_2024.csv to mental_health_data.json]
[2025-08-03 23:09:16,847: INFO: main: >>>>>> stage Data Ingestion stage completed <<<<<<

x==========x]
[2025-08-03 23:09:16,848: INFO: main: >>>>>> stage Data Validation stage started <<<<<<]
[2025-08-03 23:09:16,848: INFO: common: yaml file: config/config.yaml loaded successfully]
[2025-08-03 23:09:16,849: INFO: common: yaml file: params.yaml loaded successfully]
[2025-08-03 23:09:16,849: INFO: common: yaml file: schema.yaml loaded successfully]
[2025-08-03 23:09:16,849: INFO: common: created directory at: artifacts]
[2025-08-03 23:09:16,849: INFO: common: created directory at: artifacts/data_validation]
[2025-08-03 23:09:16,850: INFO: data_validation_pipeline: Starting data validation pipeline...]
[2025-08-03 23:09:16,850: INFO: data_validation_pipeline: === FILE VALIDATION ===]
[2025-08-03 23:09:16,850: INFO: data_validation: Validating data files...]
[2025-08-03 23:09:16,850: INFO: data_validation: ✅ All required files found!]
[2025-08-03 23:09:16,850: INFO: data_validation_pipeline: Loading data from artifacts/data_ingestion/mental_health_and_technology_usage_2024.csv]
[2025-08-03 23:09:16,857: INFO: data_validation_pipeline: === COLUMN VALIDATION ===]
[2025-08-03 23:09:16,857: INFO: data_validation: Validating data columns against schema...]
[2025-08-03 23:09:16,858: INFO: data_validation: ✅ All columns validated successfully!]
[2025-08-03 23:09:16,858: INFO: data_validation_pipeline: === QUALITY VALIDATION ===]
[2025-08-03 23:09:16,858: INFO: data_validation: Validating data quality...]
[2025-08-03 23:09:16,865: INFO: data_validation: ✅ Data quality validation passed!]
[2025-08-03 23:09:16,865: INFO: data_validation_pipeline: === RANGE VALIDATION ===]
[2025-08-03 23:09:16,865: INFO: data_validation: Validating data ranges...]
[2025-08-03 23:09:16,865: INFO: data_validation: ✅ Data range validation passed!]
[2025-08-03 23:09:16,865: INFO: data_validation_pipeline: ✅ All validation categories passed!]
[2025-08-03 23:09:16,865: INFO: data_validation: Validation status saved to artifacts/data_validation/status.txt]
[2025-08-03 23:09:16,866: INFO: main: >>>>>> stage Data Validation stage completed <<<<<<

x==========x]
[2025-08-03 23:09:50,029: INFO: main: >>>>>> Running the pipeline <<<<<<]
[2025-08-03 23:09:50,029: INFO: main: >>>>>> stage Data Ingestion stage started <<<<<<]
[2025-08-03 23:09:50,029: INFO: common: yaml file: config/config.yaml loaded successfully]
[2025-08-03 23:09:50,031: INFO: common: yaml file: params.yaml loaded successfully]
[2025-08-03 23:09:50,031: INFO: common: yaml file: schema.yaml loaded successfully]
[2025-08-03 23:09:50,032: INFO: common: created directory at: artifacts]
[2025-08-03 23:09:50,032: INFO: common: created directory at: artifacts/data_ingestion]
[2025-08-03 23:09:50,740: INFO: data_ingestion: Downloaded to: /home/afifn/.cache/kagglehub/datasets/waqi786/mental-health-and-technology-usage-dataset/versions/1]
[2025-08-03 23:09:50,778: INFO: data_ingestion: Converted mental_health_and_technology_usage_2024.csv to mental_health_data.json]
[2025-08-03 23:09:50,779: INFO: main: >>>>>> stage Data Ingestion stage completed <<<<<<

x==========x]
[2025-08-03 23:09:50,779: INFO: main: >>>>>> stage Data Validation stage started <<<<<<]
[2025-08-03 23:09:50,780: INFO: common: yaml file: config/config.yaml loaded successfully]
[2025-08-03 23:09:50,780: INFO: common: yaml file: params.yaml loaded successfully]
[2025-08-03 23:09:50,781: INFO: common: yaml file: schema.yaml loaded successfully]
[2025-08-03 23:09:50,781: INFO: common: created directory at: artifacts]
[2025-08-03 23:09:50,781: INFO: common: created directory at: artifacts/data_validation]
[2025-08-03 23:09:50,781: INFO: data_validation_pipeline: Starting data validation pipeline...]
[2025-08-03 23:09:50,781: INFO: data_validation_pipeline: === FILE VALIDATION ===]
[2025-08-03 23:09:50,781: INFO: data_validation: Validating data files...]
[2025-08-03 23:09:50,781: INFO: data_validation: ✅ All required files found!]
[2025-08-03 23:09:50,781: INFO: data_validation_pipeline: Loading data from artifacts/data_ingestion/mental_health_and_technology_usage_2024.csv]
[2025-08-03 23:09:50,788: INFO: data_validation_pipeline: === COLUMN VALIDATION ===]
[2025-08-03 23:09:50,788: INFO: data_validation: Validating data columns against schema...]
[2025-08-03 23:09:50,789: INFO: data_validation: ✅ All columns validated successfully!]
[2025-08-03 23:09:50,789: INFO: data_validation_pipeline: === QUALITY VALIDATION ===]
[2025-08-03 23:09:50,789: INFO: data_validation: Validating data quality...]
[2025-08-03 23:09:50,798: INFO: data_validation: ✅ Data quality validation passed!]
[2025-08-03 23:09:50,798: INFO: data_validation_pipeline: === RANGE VALIDATION ===]
[2025-08-03 23:09:50,798: INFO: data_validation: Validating data ranges...]
[2025-08-03 23:09:50,798: INFO: data_validation: ✅ Data range validation passed!]
[2025-08-03 23:09:50,798: INFO: data_validation_pipeline: ✅ All validation categories passed!]
[2025-08-03 23:09:50,799: INFO: data_validation: Validation status saved to artifacts/data_validation/status.txt]
[2025-08-03 23:09:50,799: INFO: main: >>>>>> stage Data Validation stage completed <<<<<<

x==========x]
[2025-08-03 23:10:18,915: INFO: main: >>>>>> Running the pipeline <<<<<<]
[2025-08-03 23:10:18,915: INFO: main: >>>>>> stage Data Ingestion stage started <<<<<<]
[2025-08-03 23:10:18,916: INFO: common: yaml file: config/config.yaml loaded successfully]
[2025-08-03 23:10:18,916: INFO: common: yaml file: params.yaml loaded successfully]
[2025-08-03 23:10:18,916: INFO: common: yaml file: schema.yaml loaded successfully]
[2025-08-03 23:10:18,917: INFO: common: created directory at: artifacts]
[2025-08-03 23:10:18,917: INFO: common: created directory at: artifacts/data_ingestion]
[2025-08-03 23:10:19,545: INFO: data_ingestion: Downloaded to: /home/afifn/.cache/kagglehub/datasets/waqi786/mental-health-and-technology-usage-dataset/versions/1]
[2025-08-03 23:10:19,582: INFO: data_ingestion: Converted mental_health_and_technology_usage_2024.csv to mental_health_data.json]
[2025-08-03 23:10:19,583: INFO: main: >>>>>> stage Data Ingestion stage completed <<<<<<

x==========x]
[2025-08-03 23:10:19,583: INFO: main: >>>>>> stage Data Validation stage started <<<<<<]
[2025-08-03 23:10:19,583: INFO: common: yaml file: config/config.yaml loaded successfully]
[2025-08-03 23:10:19,584: INFO: common: yaml file: params.yaml loaded successfully]
[2025-08-03 23:10:19,584: INFO: common: yaml file: schema.yaml loaded successfully]
[2025-08-03 23:10:19,584: INFO: common: created directory at: artifacts]
[2025-08-03 23:10:19,584: INFO: common: created directory at: artifacts/data_validation]
[2025-08-03 23:10:19,584: INFO: data_validation_pipeline: Starting data validation pipeline...]
[2025-08-03 23:10:19,584: INFO: data_validation_pipeline: === FILE VALIDATION ===]
[2025-08-03 23:10:19,584: INFO: data_validation: Validating data files...]
[2025-08-03 23:10:19,584: INFO: data_validation: ✅ All required files found!]
[2025-08-03 23:10:19,584: INFO: data_validation_pipeline: Loading data from artifacts/data_ingestion/mental_health_and_technology_usage_2024.csv]
[2025-08-03 23:10:19,592: INFO: data_validation_pipeline: === COLUMN VALIDATION ===]
[2025-08-03 23:10:19,592: INFO: data_validation: Validating data columns against schema...]
[2025-08-03 23:10:19,592: INFO: data_validation: ✅ All columns validated successfully!]
[2025-08-03 23:10:19,592: INFO: data_validation_pipeline: === QUALITY VALIDATION ===]
[2025-08-03 23:10:19,592: INFO: data_validation: Validating data quality...]
[2025-08-03 23:10:19,600: INFO: data_validation: ✅ Data quality validation passed!]
[2025-08-03 23:10:19,600: INFO: data_validation_pipeline: === RANGE VALIDATION ===]
[2025-08-03 23:10:19,600: INFO: data_validation: Validating data ranges...]
[2025-08-03 23:10:19,600: INFO: data_validation: ✅ Data range validation passed!]
[2025-08-03 23:10:19,600: INFO: data_validation_pipeline: ✅ All validation categories passed!]
[2025-08-03 23:10:19,601: INFO: data_validation: Validation status saved to artifacts/data_validation/status.txt]
[2025-08-03 23:10:19,601: INFO: main: >>>>>> stage Data Validation stage completed <<<<<<

x==========x]
[2025-08-03 23:10:51,163: INFO: main: >>>>>> Running the pipeline <<<<<<]
[2025-08-03 23:10:51,163: INFO: main: >>>>>> stage Data Ingestion stage started <<<<<<]
[2025-08-03 23:10:51,164: INFO: common: yaml file: config/config.yaml loaded successfully]
[2025-08-03 23:10:51,164: INFO: common: yaml file: params.yaml loaded successfully]
[2025-08-03 23:10:51,165: INFO: common: yaml file: schema.yaml loaded successfully]
[2025-08-03 23:10:51,165: INFO: common: created directory at: artifacts]
[2025-08-03 23:10:51,165: INFO: common: created directory at: artifacts/data_ingestion]
[2025-08-03 23:10:51,721: INFO: data_ingestion: Downloaded to: /home/afifn/.cache/kagglehub/datasets/waqi786/mental-health-and-technology-usage-dataset/versions/1]
[2025-08-03 23:10:51,748: INFO: data_ingestion: Converted mental_health_and_technology_usage_2024.csv to mental_health_data.json]
[2025-08-03 23:10:51,749: INFO: main: >>>>>> stage Data Ingestion stage completed <<<<<<

x==========x]
[2025-08-03 23:10:51,749: INFO: main: >>>>>> stage Data Validation stage started <<<<<<]
[2025-08-03 23:10:51,749: INFO: common: yaml file: config/config.yaml loaded successfully]
[2025-08-03 23:10:51,750: INFO: common: yaml file: params.yaml loaded successfully]
[2025-08-03 23:10:51,750: INFO: common: yaml file: schema.yaml loaded successfully]
[2025-08-03 23:10:51,750: INFO: common: created directory at: artifacts]
[2025-08-03 23:10:51,750: INFO: common: created directory at: artifacts/data_validation]
[2025-08-03 23:10:51,750: INFO: data_validation_pipeline: Starting data validation pipeline...]
[2025-08-03 23:10:51,750: INFO: data_validation_pipeline: === FILE VALIDATION ===]
[2025-08-03 23:10:51,750: INFO: data_validation: Validating data files...]
[2025-08-03 23:10:51,750: INFO: data_validation: ✅ All required files found!]
[2025-08-03 23:10:51,750: INFO: data_validation_pipeline: Loading data from artifacts/data_ingestion/mental_health_and_technology_usage_2024.csv]
[2025-08-03 23:10:51,757: INFO: data_validation_pipeline: === COLUMN VALIDATION ===]
[2025-08-03 23:10:51,757: INFO: data_validation: Validating data columns against schema...]
[2025-08-03 23:10:51,758: INFO: data_validation: ✅ All columns validated successfully!]
[2025-08-03 23:10:51,758: INFO: data_validation_pipeline: === QUALITY VALIDATION ===]
[2025-08-03 23:10:51,758: INFO: data_validation: Validating data quality...]
[2025-08-03 23:10:51,766: INFO: data_validation: ✅ Data quality validation passed!]
[2025-08-03 23:10:51,766: INFO: data_validation_pipeline: === RANGE VALIDATION ===]
[2025-08-03 23:10:51,766: INFO: data_validation: Validating data ranges...]
[2025-08-03 23:10:51,766: INFO: data_validation: ✅ Data range validation passed!]
[2025-08-03 23:10:51,766: INFO: data_validation_pipeline: ✅ All validation categories passed!]
[2025-08-03 23:10:51,767: INFO: data_validation: Validation status saved to artifacts/data_validation/status.txt]
[2025-08-03 23:10:51,767: INFO: main: >>>>>> stage Data Validation stage completed <<<<<<

x==========x]
[2025-08-03 23:11:23,438: INFO: common: yaml file: config/config.yaml loaded successfully]
[2025-08-03 23:11:23,440: INFO: common: yaml file: params.yaml loaded successfully]
[2025-08-03 23:11:23,441: INFO: common: yaml file: schema.yaml loaded successfully]
[2025-08-03 23:11:23,441: INFO: common: created directory at: artifacts]
[2025-08-03 23:11:23,441: INFO: common: created directory at: artifacts/data_validation]
[2025-08-03 23:11:23,441: INFO: data_validation: Validating data files...]
[2025-08-03 23:11:23,441: INFO: data_validation: ✅ All required files found!]
[2025-08-03 23:11:23,477: INFO: common: JSON data loaded successfully. Shape: (10000, 14)]
[2025-08-03 23:11:23,478: INFO: data_validation: Validating data columns against schema...]
[2025-08-03 23:11:23,480: INFO: data_validation: ✅ All columns validated successfully!]
[2025-08-03 23:11:50,990: INFO: main: >>>>>> stage Data Validation stage started <<<<<<]
[2025-08-03 23:11:50,991: INFO: common: yaml file: config/config.yaml loaded successfully]
[2025-08-03 23:11:50,991: INFO: common: yaml file: params.yaml loaded successfully]
[2025-08-03 23:11:50,992: INFO: common: yaml file: schema.yaml loaded successfully]
[2025-08-03 23:11:50,992: INFO: common: created directory at: artifacts]
[2025-08-03 23:11:50,992: INFO: common: created directory at: artifacts/data_validation]
[2025-08-03 23:11:50,992: INFO: data_validation_pipeline: Starting data validation pipeline...]
[2025-08-03 23:11:50,992: INFO: data_validation_pipeline: === FILE VALIDATION ===]
[2025-08-03 23:11:50,992: INFO: data_validation: Validating data files...]
[2025-08-03 23:11:50,992: INFO: data_validation: ✅ All required files found!]
[2025-08-03 23:11:50,992: INFO: data_validation_pipeline: Loading data from artifacts/data_ingestion/mental_health_and_technology_usage_2024.csv]
[2025-08-03 23:11:51,002: INFO: data_validation_pipeline: === COLUMN VALIDATION ===]
[2025-08-03 23:11:51,002: INFO: data_validation: Validating data columns against schema...]
[2025-08-03 23:11:51,002: ERROR: data_validation: Type mismatches found: [{'column': 'Age', 'expected': 'int64', 'actual': 'int64'}, {'column': 'Technology_Usage_Hours', 'expected': 'float64', 'actual': 'float64'}, {'column': 'Social_Media_Usage_Hours', 'expected': 'float64', 'actual': 'float64'}, {'column': 'Gaming_Hours', 'expected': 'float64', 'actual': 'float64'}, {'column': 'Screen_Time_Hours', 'expected': 'float64', 'actual': 'object'}, {'column': 'Sleep_Hours', 'expected': 'float64', 'actual': 'float64'}, {'column': 'Physical_Activity_Hours', 'expected': 'float64', 'actual': 'float64'}]]
[2025-08-03 23:11:51,002: INFO: data_validation_pipeline: === QUALITY VALIDATION ===]
[2025-08-03 23:11:51,002: ERROR: data_validation_pipeline: Error in data validation pipeline: 'DataValidation' object has no attribute 'validate_data_quality']
[2025-08-03 23:11:51,002: ERROR: main: 'DataValidation' object has no attribute 'validate_data_quality']
Traceback (most recent call last):
  File "/home/afifn/projects/mlops-mood-score/main.py", line 24, in <module>
    data_validation.initiate_data_validation()
  File "/home/afifn/projects/mlops-mood-score/src/datascience/pipeline/data_validation_pipeline.py", line 66, in initiate_data_validation
    raise e
  File "/home/afifn/projects/mlops-mood-score/src/datascience/pipeline/data_validation_pipeline.py", line 48, in initiate_data_validation
    quality_valid = data_validation.validate_data_quality(data)
AttributeError: 'DataValidation' object has no attribute 'validate_data_quality'
[2025-08-03 23:12:44,091: INFO: common: yaml file: config/config.yaml loaded successfully]
[2025-08-03 23:12:44,092: INFO: common: yaml file: params.yaml loaded successfully]
[2025-08-03 23:12:44,093: INFO: common: yaml file: schema.yaml loaded successfully]
[2025-08-03 23:12:44,093: INFO: common: created directory at: artifacts]
[2025-08-03 23:12:44,093: INFO: common: created directory at: artifacts/data_validation]
[2025-08-03 23:12:44,093: INFO: data_validation_pipeline: Starting data validation pipeline...]
[2025-08-03 23:12:44,093: INFO: data_validation: Validating data files...]
[2025-08-03 23:12:44,093: INFO: data_validation: ✅ All required files found!]
[2025-08-03 23:12:44,093: INFO: data_validation_pipeline: Loading data from artifacts/data_ingestion/mental_health_and_technology_usage_2024.csv]
[2025-08-03 23:12:44,101: INFO: data_validation: Running comprehensive data validation...]
[2025-08-03 23:12:44,101: INFO: data_validation: Validating data files...]
[2025-08-03 23:12:44,102: INFO: data_validation: ✅ All required files found!]
[2025-08-03 23:12:44,102: INFO: data_validation: Validating data columns against schema...]
[2025-08-03 23:12:44,102: ERROR: data_validation: Type mismatches found: [{'column': 'Age', 'expected': 'int64', 'actual': 'int64'}, {'column': 'Technology_Usage_Hours', 'expected': 'float64', 'actual': 'float64'}, {'column': 'Social_Media_Usage_Hours', 'expected': 'float64', 'actual': 'float64'}, {'column': 'Gaming_Hours', 'expected': 'float64', 'actual': 'float64'}, {'column': 'Screen_Time_Hours', 'expected': 'float64', 'actual': 'object'}, {'column': 'Sleep_Hours', 'expected': 'float64', 'actual': 'float64'}, {'column': 'Physical_Activity_Hours', 'expected': 'float64', 'actual': 'float64'}]]
[2025-08-03 23:12:44,102: INFO: data_validation: Validating data ranges...]
[2025-08-03 23:12:44,103: ERROR: data_validation: Error during range validation: '<' not supported between instances of 'str' and 'int']
[2025-08-03 23:12:44,103: INFO: data_validation: Validating missing values...]
[2025-08-03 23:12:44,108: INFO: data_validation: ✅ Missing values validation passed!]
[2025-08-03 23:12:44,108: INFO: data_validation: Validating for duplicate rows...]
[2025-08-03 23:12:44,111: INFO: data_validation: ✅ No duplicate rows found!]
[2025-08-03 23:12:44,111: INFO: data_validation: Validation Summary: 3/5 checks passed]
[2025-08-03 23:12:44,111: INFO: data_validation: files_exist: ✅ PASSED]
[2025-08-03 23:12:44,111: INFO: data_validation: columns_match: ❌ FAILED]
[2025-08-03 23:12:44,111: INFO: data_validation: data_ranges: ❌ FAILED]
[2025-08-03 23:12:44,111: INFO: data_validation: missing_values: ✅ PASSED]
[2025-08-03 23:12:44,111: INFO: data_validation: no_duplicates: ✅ PASSED]
[2025-08-03 23:12:44,111: ERROR: data_validation_pipeline: ❌ Data validation failed! Failed validations: columns_match, data_ranges]
[2025-08-03 23:12:44,112: INFO: data_validation: Validation status saved to artifacts/data_validation/status.txt]
[2025-08-03 23:12:51,896: INFO: main: >>>>>> stage Data Validation stage started <<<<<<]
[2025-08-03 23:12:51,897: INFO: common: yaml file: config/config.yaml loaded successfully]
[2025-08-03 23:12:51,897: INFO: common: yaml file: params.yaml loaded successfully]
[2025-08-03 23:12:51,898: INFO: common: yaml file: schema.yaml loaded successfully]
[2025-08-03 23:12:51,898: INFO: common: created directory at: artifacts]
[2025-08-03 23:12:51,898: INFO: common: created directory at: artifacts/data_validation]
[2025-08-03 23:12:51,898: INFO: data_validation_pipeline: Starting data validation pipeline...]
[2025-08-03 23:12:51,898: INFO: data_validation: Validating data files...]
[2025-08-03 23:12:51,898: INFO: data_validation: ✅ All required files found!]
[2025-08-03 23:12:51,898: INFO: data_validation_pipeline: Loading data from artifacts/data_ingestion/mental_health_and_technology_usage_2024.csv]
[2025-08-03 23:12:51,908: INFO: data_validation: Running comprehensive data validation...]
[2025-08-03 23:12:51,908: INFO: data_validation: Validating data files...]
[2025-08-03 23:12:51,908: INFO: data_validation: ✅ All required files found!]
[2025-08-03 23:12:51,908: INFO: data_validation: Validating data columns against schema...]
[2025-08-03 23:12:51,908: ERROR: data_validation: Type mismatches found: [{'column': 'Age', 'expected': 'int64', 'actual': 'int64'}, {'column': 'Technology_Usage_Hours', 'expected': 'float64', 'actual': 'float64'}, {'column': 'Social_Media_Usage_Hours', 'expected': 'float64', 'actual': 'float64'}, {'column': 'Gaming_Hours', 'expected': 'float64', 'actual': 'float64'}, {'column': 'Screen_Time_Hours', 'expected': 'float64', 'actual': 'object'}, {'column': 'Sleep_Hours', 'expected': 'float64', 'actual': 'float64'}, {'column': 'Physical_Activity_Hours', 'expected': 'float64', 'actual': 'float64'}]]
[2025-08-03 23:12:51,909: INFO: data_validation: Validating data ranges...]
[2025-08-03 23:12:51,910: ERROR: data_validation: Error during range validation: '<' not supported between instances of 'str' and 'int']
[2025-08-03 23:12:51,910: INFO: data_validation: Validating missing values...]
[2025-08-03 23:12:51,914: INFO: data_validation: ✅ Missing values validation passed!]
[2025-08-03 23:12:51,915: INFO: data_validation: Validating for duplicate rows...]
[2025-08-03 23:12:51,917: INFO: data_validation: ✅ No duplicate rows found!]
[2025-08-03 23:12:51,917: INFO: data_validation: Validation Summary: 3/5 checks passed]
[2025-08-03 23:12:51,917: INFO: data_validation: files_exist: ✅ PASSED]
[2025-08-03 23:12:51,917: INFO: data_validation: columns_match: ❌ FAILED]
[2025-08-03 23:12:51,917: INFO: data_validation: data_ranges: ❌ FAILED]
[2025-08-03 23:12:51,917: INFO: data_validation: missing_values: ✅ PASSED]
[2025-08-03 23:12:51,917: INFO: data_validation: no_duplicates: ✅ PASSED]
[2025-08-03 23:12:51,917: ERROR: data_validation_pipeline: ❌ Data validation failed! Failed validations: columns_match, data_ranges]
[2025-08-03 23:12:51,917: INFO: data_validation: Validation status saved to artifacts/data_validation/status.txt]
[2025-08-03 23:12:51,918: INFO: main: >>>>>> stage Data Validation stage completed <<<<<<

x==========x]
[2025-08-03 23:12:56,048: INFO: main: >>>>>> stage Data Validation stage started <<<<<<]
[2025-08-03 23:12:56,049: INFO: common: yaml file: config/config.yaml loaded successfully]
[2025-08-03 23:12:56,049: INFO: common: yaml file: params.yaml loaded successfully]
[2025-08-03 23:12:56,050: INFO: common: yaml file: schema.yaml loaded successfully]
[2025-08-03 23:12:56,050: INFO: common: created directory at: artifacts]
[2025-08-03 23:12:56,050: INFO: common: created directory at: artifacts/data_validation]
[2025-08-03 23:12:56,050: INFO: data_validation_pipeline: Starting data validation pipeline...]
[2025-08-03 23:12:56,050: INFO: data_validation: Validating data files...]
[2025-08-03 23:12:56,050: INFO: data_validation: ✅ All required files found!]
[2025-08-03 23:12:56,050: INFO: data_validation_pipeline: Loading data from artifacts/data_ingestion/mental_health_and_technology_usage_2024.csv]
[2025-08-03 23:12:56,061: INFO: data_validation: Running comprehensive data validation...]
[2025-08-03 23:12:56,061: INFO: data_validation: Validating data files...]
[2025-08-03 23:12:56,061: INFO: data_validation: ✅ All required files found!]
[2025-08-03 23:12:56,061: INFO: data_validation: Validating data columns against schema...]
[2025-08-03 23:12:56,061: ERROR: data_validation: Type mismatches found: [{'column': 'Age', 'expected': 'int64', 'actual': 'int64'}, {'column': 'Technology_Usage_Hours', 'expected': 'float64', 'actual': 'float64'}, {'column': 'Social_Media_Usage_Hours', 'expected': 'float64', 'actual': 'float64'}, {'column': 'Gaming_Hours', 'expected': 'float64', 'actual': 'float64'}, {'column': 'Screen_Time_Hours', 'expected': 'float64', 'actual': 'object'}, {'column': 'Sleep_Hours', 'expected': 'float64', 'actual': 'float64'}, {'column': 'Physical_Activity_Hours', 'expected': 'float64', 'actual': 'float64'}]]
[2025-08-03 23:12:56,061: INFO: data_validation: Validating data ranges...]
[2025-08-03 23:12:56,062: ERROR: data_validation: Error during range validation: '<' not supported between instances of 'str' and 'int']
[2025-08-03 23:12:56,062: INFO: data_validation: Validating missing values...]
[2025-08-03 23:12:56,067: INFO: data_validation: ✅ Missing values validation passed!]
[2025-08-03 23:12:56,067: INFO: data_validation: Validating for duplicate rows...]
[2025-08-03 23:12:56,070: INFO: data_validation: ✅ No duplicate rows found!]
[2025-08-03 23:12:56,070: INFO: data_validation: Validation Summary: 3/5 checks passed]
[2025-08-03 23:12:56,070: INFO: data_validation: files_exist: ✅ PASSED]
[2025-08-03 23:12:56,070: INFO: data_validation: columns_match: ❌ FAILED]
[2025-08-03 23:12:56,070: INFO: data_validation: data_ranges: ❌ FAILED]
[2025-08-03 23:12:56,070: INFO: data_validation: missing_values: ✅ PASSED]
[2025-08-03 23:12:56,070: INFO: data_validation: no_duplicates: ✅ PASSED]
[2025-08-03 23:12:56,070: ERROR: data_validation_pipeline: ❌ Data validation failed! Failed validations: columns_match, data_ranges]
[2025-08-03 23:12:56,071: INFO: data_validation: Validation status saved to artifacts/data_validation/status.txt]
[2025-08-03 23:12:56,071: INFO: main: >>>>>> stage Data Validation stage completed <<<<<<

x==========x]
[2025-08-03 23:13:03,921: INFO: main: >>>>>> Running the pipeline <<<<<<]
[2025-08-03 23:13:03,921: INFO: main: >>>>>> stage Data Ingestion stage started <<<<<<]
[2025-08-03 23:13:03,922: INFO: common: yaml file: config/config.yaml loaded successfully]
[2025-08-03 23:13:03,923: INFO: common: yaml file: params.yaml loaded successfully]
[2025-08-03 23:13:03,924: INFO: common: yaml file: schema.yaml loaded successfully]
[2025-08-03 23:13:03,924: INFO: common: created directory at: artifacts]
[2025-08-03 23:13:03,924: INFO: common: created directory at: artifacts/data_ingestion]
[2025-08-03 23:13:04,725: INFO: data_ingestion: Downloaded to: /home/afifn/.cache/kagglehub/datasets/waqi786/mental-health-and-technology-usage-dataset/versions/1]
[2025-08-03 23:13:04,761: INFO: data_ingestion: Converted mental_health_and_technology_usage_2024.csv to mental_health_data.json]
[2025-08-03 23:13:04,762: INFO: main: >>>>>> stage Data Ingestion stage completed <<<<<<

x==========x]
[2025-08-03 23:13:04,762: INFO: main: >>>>>> stage Data Validation stage started <<<<<<]
[2025-08-03 23:13:04,762: INFO: common: yaml file: config/config.yaml loaded successfully]
[2025-08-03 23:13:04,763: INFO: common: yaml file: params.yaml loaded successfully]
[2025-08-03 23:13:04,763: INFO: common: yaml file: schema.yaml loaded successfully]
[2025-08-03 23:13:04,763: INFO: common: created directory at: artifacts]
[2025-08-03 23:13:04,763: INFO: common: created directory at: artifacts/data_validation]
[2025-08-03 23:13:04,763: INFO: data_validation_pipeline: Starting data validation pipeline...]
[2025-08-03 23:13:04,764: INFO: data_validation: Validating data files...]
[2025-08-03 23:13:04,764: INFO: data_validation: ✅ All required files found!]
[2025-08-03 23:13:04,764: INFO: data_validation_pipeline: Loading data from artifacts/data_ingestion/mental_health_and_technology_usage_2024.csv]
[2025-08-03 23:13:04,771: INFO: data_validation: Running comprehensive data validation...]
[2025-08-03 23:13:04,771: INFO: data_validation: Validating data files...]
[2025-08-03 23:13:04,771: INFO: data_validation: ✅ All required files found!]
[2025-08-03 23:13:04,771: INFO: data_validation: Validating data columns against schema...]
[2025-08-03 23:13:04,771: ERROR: data_validation: Type mismatches found: [{'column': 'Age', 'expected': 'int64', 'actual': 'int64'}, {'column': 'Technology_Usage_Hours', 'expected': 'float64', 'actual': 'float64'}, {'column': 'Social_Media_Usage_Hours', 'expected': 'float64', 'actual': 'float64'}, {'column': 'Gaming_Hours', 'expected': 'float64', 'actual': 'float64'}, {'column': 'Screen_Time_Hours', 'expected': 'float64', 'actual': 'float64'}, {'column': 'Sleep_Hours', 'expected': 'float64', 'actual': 'float64'}, {'column': 'Physical_Activity_Hours', 'expected': 'float64', 'actual': 'float64'}]]
[2025-08-03 23:13:04,771: INFO: data_validation: Validating data ranges...]
[2025-08-03 23:13:04,774: INFO: data_validation: ✅ All data ranges validated successfully!]
[2025-08-03 23:13:04,774: INFO: data_validation: Validating missing values...]
[2025-08-03 23:13:04,779: INFO: data_validation: ✅ Missing values validation passed!]
[2025-08-03 23:13:04,779: INFO: data_validation: Validating for duplicate rows...]
[2025-08-03 23:13:04,783: INFO: data_validation: ✅ No duplicate rows found!]
[2025-08-03 23:13:04,783: INFO: data_validation: Validation Summary: 4/5 checks passed]
[2025-08-03 23:13:04,783: INFO: data_validation: files_exist: ✅ PASSED]
[2025-08-03 23:13:04,783: INFO: data_validation: columns_match: ❌ FAILED]
[2025-08-03 23:13:04,783: INFO: data_validation: data_ranges: ✅ PASSED]
[2025-08-03 23:13:04,783: INFO: data_validation: missing_values: ✅ PASSED]
[2025-08-03 23:13:04,783: INFO: data_validation: no_duplicates: ✅ PASSED]
[2025-08-03 23:13:04,783: ERROR: data_validation_pipeline: ❌ Data validation failed! Failed validations: columns_match]
[2025-08-03 23:13:04,784: INFO: data_validation: Validation status saved to artifacts/data_validation/status.txt]
[2025-08-03 23:13:04,784: INFO: main: >>>>>> stage Data Validation stage completed <<<<<<

x==========x]
[2025-08-03 23:13:39,921: INFO: main: >>>>>> Running the pipeline <<<<<<]
[2025-08-03 23:13:39,921: INFO: main: >>>>>> stage Data Ingestion stage started <<<<<<]
[2025-08-03 23:13:39,922: INFO: common: yaml file: config/config.yaml loaded successfully]
[2025-08-03 23:13:39,922: INFO: common: yaml file: params.yaml loaded successfully]
[2025-08-03 23:13:39,923: INFO: common: yaml file: schema.yaml loaded successfully]
[2025-08-03 23:13:39,923: INFO: common: created directory at: artifacts]
[2025-08-03 23:13:39,923: INFO: common: created directory at: artifacts/data_ingestion]
[2025-08-03 23:13:40,551: INFO: data_ingestion: Downloaded to: /home/afifn/.cache/kagglehub/datasets/waqi786/mental-health-and-technology-usage-dataset/versions/1]
[2025-08-03 23:13:40,581: INFO: data_ingestion: Converted mental_health_and_technology_usage_2024.csv to mental_health_data.json]
[2025-08-03 23:13:40,582: INFO: main: >>>>>> stage Data Ingestion stage completed <<<<<<

x==========x]
[2025-08-03 23:13:40,582: INFO: main: >>>>>> stage Data Validation stage started <<<<<<]
[2025-08-03 23:13:40,582: INFO: common: yaml file: config/config.yaml loaded successfully]
[2025-08-03 23:13:40,583: INFO: common: yaml file: params.yaml loaded successfully]
[2025-08-03 23:13:40,583: INFO: common: yaml file: schema.yaml loaded successfully]
[2025-08-03 23:13:40,583: INFO: common: created directory at: artifacts]
[2025-08-03 23:13:40,583: INFO: common: created directory at: artifacts/data_validation]
[2025-08-03 23:13:40,584: INFO: data_validation_pipeline: Starting data validation pipeline...]
[2025-08-03 23:13:40,584: INFO: data_validation_pipeline: === FILE VALIDATION ===]
[2025-08-03 23:13:40,584: INFO: data_validation: Validating data files...]
[2025-08-03 23:13:40,584: INFO: data_validation: ✅ All required files found!]
[2025-08-03 23:13:40,584: INFO: data_validation_pipeline: Loading data from artifacts/data_ingestion/mental_health_and_technology_usage_2024.csv]
[2025-08-03 23:13:40,591: INFO: data_validation_pipeline: === COLUMN VALIDATION ===]
[2025-08-03 23:13:40,591: INFO: data_validation: Validating data columns against schema...]
[2025-08-03 23:13:40,591: INFO: data_validation: ✅ All columns validated successfully!]
[2025-08-03 23:13:40,591: INFO: data_validation_pipeline: === QUALITY VALIDATION ===]
[2025-08-03 23:13:40,591: INFO: data_validation: Validating data quality...]
[2025-08-03 23:13:40,599: INFO: data_validation: ✅ Data quality validation passed!]
[2025-08-03 23:13:40,599: INFO: data_validation_pipeline: === RANGE VALIDATION ===]
[2025-08-03 23:13:40,599: INFO: data_validation: Validating data ranges...]
[2025-08-03 23:13:40,600: INFO: data_validation: ✅ Data range validation passed!]
[2025-08-03 23:13:40,600: INFO: data_validation_pipeline: ✅ All validation categories passed!]
[2025-08-03 23:13:40,600: INFO: data_validation: Validation status saved to artifacts/data_validation/status.txt]
[2025-08-03 23:13:40,601: INFO: main: >>>>>> stage Data Validation stage completed <<<<<<

x==========x]
