[2025-08-05 13:51:28,761: INFO: main: >>>>>> Running the pipeline <<<<<<

]
[2025-08-05 13:51:28,761: INFO: main: >>>>>> stage Data Ingestion stage started <<<<<<]
[2025-08-05 13:51:28,790: INFO: common: yaml file: config/config.yaml loaded successfully]
[2025-08-05 13:51:28,792: INFO: common: yaml file: params.yaml loaded successfully]
[2025-08-05 13:51:28,793: INFO: common: yaml file: schema.yaml loaded successfully]
[2025-08-05 13:51:28,794: INFO: common: created directory at: artifacts]
[2025-08-05 13:51:28,794: INFO: common: created directory at: artifacts/data_ingestion]
[2025-08-05 13:51:31,142: INFO: data_ingestion: Downloaded to: /home/cloudnahas-m/.cache/kagglehub/datasets/waqi786/mental-health-and-technology-usage-dataset/versions/1]
[2025-08-05 13:51:31,220: INFO: data_ingestion: Converted mental_health_and_technology_usage_2024.csv to mental_health_data.json]
[2025-08-05 13:51:31,221: INFO: main: >>>>>> stage Data Ingestion stage completed <<<<<<

x==========x]
[2025-08-05 13:51:31,221: INFO: main: >>>>>> stage Data Validation stage started <<<<<<]
[2025-08-05 13:51:31,223: INFO: common: yaml file: config/config.yaml loaded successfully]
[2025-08-05 13:51:31,224: INFO: common: yaml file: params.yaml loaded successfully]
[2025-08-05 13:51:31,226: INFO: common: yaml file: schema.yaml loaded successfully]
[2025-08-05 13:51:31,226: INFO: common: created directory at: artifacts]
[2025-08-05 13:51:31,226: INFO: common: created directory at: artifacts/data_validation]
[2025-08-05 13:51:31,226: INFO: data_validation_pipeline: Starting data validation pipeline...]
[2025-08-05 13:51:31,226: INFO: data_validation_pipeline: === FILE VALIDATION ===]
[2025-08-05 13:51:31,226: INFO: data_validation: Validating data files...]
[2025-08-05 13:51:31,226: INFO: data_validation: ✅ All required files found!]
[2025-08-05 13:51:31,226: INFO: data_validation_pipeline: Loading data from artifacts/data_ingestion/mental_health_and_technology_usage_2024.csv]
[2025-08-05 13:51:31,237: INFO: data_validation_pipeline: === COLUMN VALIDATION ===]
[2025-08-05 13:51:31,237: INFO: data_validation: Validating data columns against schema...]
[2025-08-05 13:51:31,239: INFO: data_validation: ✅ All columns validated successfully!]
[2025-08-05 13:51:31,239: INFO: data_validation_pipeline: === QUALITY VALIDATION ===]
[2025-08-05 13:51:31,239: INFO: data_validation: Validating data quality...]
[2025-08-05 13:51:31,250: INFO: data_validation: ✅ Data quality validation passed!]
[2025-08-05 13:51:31,251: INFO: data_validation_pipeline: === RANGE VALIDATION ===]
[2025-08-05 13:51:31,251: INFO: data_validation: Validating data ranges...]
[2025-08-05 13:51:31,251: INFO: data_validation: ✅ Data range validation passed!]
[2025-08-05 13:51:31,251: INFO: data_validation_pipeline: ✅ All validation categories passed!]
[2025-08-05 13:51:31,252: INFO: data_validation: Validation status saved to artifacts/data_validation/status.txt]
[2025-08-05 13:51:31,253: INFO: main: >>>>>> stage Data Validation stage completed <<<<<<

x==========x]
[2025-08-05 13:51:31,253: INFO: main: >>>>>> stage Data Transformation stage started <<<<<<]
[2025-08-05 13:51:31,257: INFO: common: yaml file: config/config.yaml loaded successfully]
[2025-08-05 13:51:31,258: INFO: common: yaml file: params.yaml loaded successfully]
[2025-08-05 13:51:31,260: INFO: common: yaml file: schema.yaml loaded successfully]
[2025-08-05 13:51:31,260: INFO: common: created directory at: artifacts]
[2025-08-05 13:51:31,261: INFO: common: created directory at: artifacts/data_transformation]
[2025-08-05 13:51:31,261: INFO: common: created directory at: artifacts/data_transformation]
[2025-08-05 13:51:31,262: INFO: data_transformation: Created/verified directory: artifacts/data_transformation]
[2025-08-05 13:51:31,262: INFO: data_transformation: Created/verified directory: artifacts/data_transformation]
[2025-08-05 13:51:31,262: INFO: data_transformation: Created/verified directory: artifacts/lookups]
[2025-08-05 13:51:31,262: INFO: data_transformation: Starting data transformation...]
[2025-08-05 13:51:31,262: INFO: data_transformation: Loading data from artifacts/data_ingestion/mental_health_and_technology_usage_2024.csv]
[2025-08-05 13:51:31,273: INFO: data_transformation: Loaded data with shape: (10000, 14)]
[2025-08-05 13:51:31,273: INFO: data_transformation: Starting encoding of all string columns...]
[2025-08-05 13:51:31,275: INFO: data_transformation: Found 7 string columns to encode: ['User_ID', 'Gender', 'Mental_Health_Status', 'Stress_Level', 'Support_Systems_Access', 'Work_Environment_Impact', 'Online_Support_Usage']]
[2025-08-05 13:51:31,293: INFO: data_transformation: Encoded column: User_ID -> User_ID_encoded]
[2025-08-05 13:51:31,295: INFO: data_transformation: Encoded column: Gender -> Gender_encoded]
[2025-08-05 13:51:31,298: INFO: data_transformation: Encoded column: Mental_Health_Status -> Mental_Health_Status_encoded]
[2025-08-05 13:51:31,300: INFO: data_transformation: Encoded column: Stress_Level -> Stress_Level_encoded]
[2025-08-05 13:51:31,303: INFO: data_transformation: Encoded column: Support_Systems_Access -> Support_Systems_Access_encoded]
[2025-08-05 13:51:31,305: INFO: data_transformation: Encoded column: Work_Environment_Impact -> Work_Environment_Impact_encoded]
[2025-08-05 13:51:31,308: INFO: data_transformation: Encoded column: Online_Support_Usage -> Online_Support_Usage_encoded]
[2025-08-05 13:51:31,308: INFO: data_transformation: Capping physical activity to maximum of 6...]
[2025-08-05 13:51:31,309: INFO: data_transformation: Capped Physical_Activity_Hours from 10.0 to 6.0]
[2025-08-05 13:51:31,310: INFO: data_transformation: Creating custom mood score...]
[2025-08-05 13:51:31,311: INFO: data_transformation: Mood score created with range: 50.00 - 50.00]
[2025-08-05 13:51:31,311: INFO: data_transformation: Dropping unnecessary columns...]
[2025-08-05 13:51:31,311: INFO: data_transformation: Dropping column: User_ID]
[2025-08-05 13:51:31,311: INFO: data_transformation: Dropping column: Technology_Usage_Hours]
[2025-08-05 13:51:31,315: INFO: data_transformation: Dropped 2 columns: ['User_ID', 'Technology_Usage_Hours']]
[2025-08-05 13:51:31,315: INFO: data_transformation: Validating target columns...]
[2025-08-05 13:51:31,315: INFO: data_transformation: Target column found: Mental_Health_Status]
[2025-08-05 13:51:31,315: INFO: data_transformation: Target column found: Stress_Level]
[2025-08-05 13:51:31,315: INFO: data_transformation: Saving transformed data...]
[2025-08-05 13:51:31,381: INFO: data_transformation: Saved transformed data as CSV: artifacts/data_transformation/transformed_data.csv]
[2025-08-05 13:51:31,424: INFO: data_transformation: Saved transformed data as JSON: artifacts/data_transformation/transformed_data.json]
[2025-08-05 13:51:31,429: INFO: data_transformation: Saved label encoders: artifacts/data_transformation/label_encoders.json]
[2025-08-05 13:51:31,429: INFO: data_transformation: Saving lookup tables...]
[2025-08-05 13:51:31,460: INFO: data_transformation: Saved lookup table: artifacts/lookups/column_encodings.json]
[2025-08-05 13:51:31,466: INFO: data_transformation: Saved User_ID mapping: artifacts/lookups/User_ID_mapping.csv]
[2025-08-05 13:51:31,467: INFO: data_transformation: Saved Gender mapping: artifacts/lookups/Gender_mapping.csv]
[2025-08-05 13:51:31,468: INFO: data_transformation: Saved Mental_Health_Status mapping: artifacts/lookups/Mental_Health_Status_mapping.csv]
[2025-08-05 13:51:31,468: INFO: data_transformation: Saved Stress_Level mapping: artifacts/lookups/Stress_Level_mapping.csv]
[2025-08-05 13:51:31,469: INFO: data_transformation: Saved Support_Systems_Access mapping: artifacts/lookups/Support_Systems_Access_mapping.csv]
[2025-08-05 13:51:31,469: INFO: data_transformation: Saved Work_Environment_Impact mapping: artifacts/lookups/Work_Environment_Impact_mapping.csv]
[2025-08-05 13:51:31,470: INFO: data_transformation: Saved Online_Support_Usage mapping: artifacts/lookups/Online_Support_Usage_mapping.csv]
[2025-08-05 13:51:31,470: INFO: data_transformation: Data transformation completed. Final shape: (10000, 20)]
[2025-08-05 13:51:31,471: INFO: main: >>>>>> stage Data Transformation stage completed <<<<<<

x==========x]
[2025-08-05 13:58:25,102: INFO: main: >>>>>> Running the pipeline <<<<<<

]
[2025-08-05 13:58:25,102: INFO: main: >>>>>> stage Data Ingestion stage started <<<<<<]
[2025-08-05 13:58:25,104: INFO: common: yaml file: config/config.yaml loaded successfully]
[2025-08-05 13:58:25,105: INFO: common: yaml file: params.yaml loaded successfully]
[2025-08-05 13:58:25,106: INFO: common: yaml file: schema.yaml loaded successfully]
[2025-08-05 13:58:25,106: INFO: common: created directory at: artifacts]
[2025-08-05 13:58:25,106: INFO: common: created directory at: artifacts/data_ingestion]
[2025-08-05 13:58:26,027: INFO: data_ingestion: Downloaded to: /home/cloudnahas-m/.cache/kagglehub/datasets/waqi786/mental-health-and-technology-usage-dataset/versions/1]
[2025-08-05 13:58:26,095: INFO: data_ingestion: Converted mental_health_and_technology_usage_2024.csv to mental_health_data.json]
[2025-08-05 13:58:26,095: INFO: main: >>>>>> stage Data Ingestion stage completed <<<<<<

x==========x]
[2025-08-05 13:58:26,095: INFO: main: >>>>>> stage Data Validation stage started <<<<<<]
[2025-08-05 13:58:26,099: INFO: common: yaml file: config/config.yaml loaded successfully]
[2025-08-05 13:58:26,099: INFO: common: yaml file: params.yaml loaded successfully]
[2025-08-05 13:58:26,100: INFO: common: yaml file: schema.yaml loaded successfully]
[2025-08-05 13:58:26,101: INFO: common: created directory at: artifacts]
[2025-08-05 13:58:26,101: INFO: common: created directory at: artifacts/data_validation]
[2025-08-05 13:58:26,101: INFO: data_validation_pipeline: Starting data validation pipeline...]
[2025-08-05 13:58:26,101: INFO: data_validation_pipeline: === FILE VALIDATION ===]
[2025-08-05 13:58:26,101: INFO: data_validation: Validating data files...]
[2025-08-05 13:58:26,101: INFO: data_validation: ✅ All required files found!]
[2025-08-05 13:58:26,101: INFO: data_validation_pipeline: Loading data from artifacts/data_ingestion/mental_health_and_technology_usage_2024.csv]
[2025-08-05 13:58:26,115: INFO: data_validation_pipeline: === COLUMN VALIDATION ===]
[2025-08-05 13:58:26,115: INFO: data_validation: Validating data columns against schema...]
[2025-08-05 13:58:26,116: INFO: data_validation: ✅ All columns validated successfully!]
[2025-08-05 13:58:26,116: INFO: data_validation_pipeline: === QUALITY VALIDATION ===]
[2025-08-05 13:58:26,116: INFO: data_validation: Validating data quality...]
[2025-08-05 13:58:26,125: INFO: data_validation: ✅ Data quality validation passed!]
[2025-08-05 13:58:26,126: INFO: data_validation_pipeline: === RANGE VALIDATION ===]
[2025-08-05 13:58:26,126: INFO: data_validation: Validating data ranges...]
[2025-08-05 13:58:26,127: INFO: data_validation: ✅ Data range validation passed!]
[2025-08-05 13:58:26,127: INFO: data_validation_pipeline: ✅ All validation categories passed!]
[2025-08-05 13:58:26,127: INFO: data_validation: Validation status saved to artifacts/data_validation/status.txt]
[2025-08-05 13:58:26,128: INFO: main: >>>>>> stage Data Validation stage completed <<<<<<

x==========x]
[2025-08-05 13:58:26,128: INFO: main: >>>>>> stage Data Transformation stage started <<<<<<]
[2025-08-05 13:58:26,130: INFO: common: yaml file: config/config.yaml loaded successfully]
[2025-08-05 13:58:26,131: INFO: common: yaml file: params.yaml loaded successfully]
[2025-08-05 13:58:26,132: INFO: common: yaml file: schema.yaml loaded successfully]
[2025-08-05 13:58:26,132: INFO: common: created directory at: artifacts]
[2025-08-05 13:58:26,132: INFO: common: created directory at: artifacts/data_transformation]
[2025-08-05 13:58:26,132: INFO: common: created directory at: artifacts/data_transformation]
[2025-08-05 13:58:26,132: INFO: data_transformation: Created/verified directory: artifacts/data_transformation]
[2025-08-05 13:58:26,132: INFO: data_transformation: Created/verified directory: artifacts/data_transformation]
[2025-08-05 13:58:26,132: INFO: data_transformation: Created/verified directory: artifacts/lookups]
[2025-08-05 13:58:26,132: INFO: data_transformation: Starting data transformation...]
[2025-08-05 13:58:26,132: INFO: data_transformation: Loading data from artifacts/data_ingestion/mental_health_and_technology_usage_2024.csv]
[2025-08-05 13:58:26,142: INFO: data_transformation: Loaded data with shape: (10000, 14)]
[2025-08-05 13:58:26,142: INFO: data_transformation: Starting encoding of all string columns...]
[2025-08-05 13:58:26,142: INFO: data_transformation: Found 7 string columns to encode: ['User_ID', 'Gender', 'Mental_Health_Status', 'Stress_Level', 'Support_Systems_Access', 'Work_Environment_Impact', 'Online_Support_Usage']]
[2025-08-05 13:58:26,157: INFO: data_transformation: Encoded column: User_ID -> User_ID_encoded]
[2025-08-05 13:58:26,159: INFO: data_transformation: Encoded column: Gender -> Gender_encoded]
[2025-08-05 13:58:26,161: INFO: data_transformation: Encoded column: Mental_Health_Status -> Mental_Health_Status_encoded]
[2025-08-05 13:58:26,163: INFO: data_transformation: Encoded column: Stress_Level -> Stress_Level_encoded]
[2025-08-05 13:58:26,165: INFO: data_transformation: Encoded column: Support_Systems_Access -> Support_Systems_Access_encoded]
[2025-08-05 13:58:26,168: INFO: data_transformation: Encoded column: Work_Environment_Impact -> Work_Environment_Impact_encoded]
[2025-08-05 13:58:26,170: INFO: data_transformation: Encoded column: Online_Support_Usage -> Online_Support_Usage_encoded]
[2025-08-05 13:58:26,170: INFO: data_transformation: Capping physical activity to maximum of 6...]
[2025-08-05 13:58:26,173: INFO: data_transformation: Capped Physical_Activity_Hours from 10.0 to 6.0]
[2025-08-05 13:58:26,173: INFO: data_transformation: Creating custom mood score...]
[2025-08-05 13:58:26,175: INFO: data_transformation: Mood score created with range: 50.00 - 50.00]
[2025-08-05 13:58:26,175: INFO: data_transformation: Dropping unnecessary columns...]
[2025-08-05 13:58:26,175: INFO: data_transformation: Dropping column: User_ID]
[2025-08-05 13:58:26,175: INFO: data_transformation: Dropping column: Technology_Usage_Hours]
[2025-08-05 13:58:26,177: INFO: data_transformation: Dropped 2 columns: ['User_ID', 'Technology_Usage_Hours']]
[2025-08-05 13:58:26,177: INFO: data_transformation: Validating target columns...]
[2025-08-05 13:58:26,177: INFO: data_transformation: Target column found: Mental_Health_Status]
[2025-08-05 13:58:26,177: INFO: data_transformation: Target column found: Stress_Level]
[2025-08-05 13:58:26,177: INFO: data_transformation: Saving transformed data...]
[2025-08-05 13:58:26,232: INFO: data_transformation: Saved transformed data as CSV: artifacts/data_transformation/transformed_data.csv]
[2025-08-05 13:58:26,269: INFO: data_transformation: Saved transformed data as JSON: artifacts/data_transformation/transformed_data.json]
[2025-08-05 13:58:26,272: INFO: data_transformation: Saved label encoders: artifacts/data_transformation/label_encoders.json]
[2025-08-05 13:58:26,272: INFO: data_transformation: Saving lookup tables...]
[2025-08-05 13:58:26,299: INFO: data_transformation: Saved lookup table: artifacts/lookups/column_encodings.json]
[2025-08-05 13:58:26,305: INFO: data_transformation: Saved User_ID mapping: artifacts/lookups/User_ID_mapping.csv]
[2025-08-05 13:58:26,306: INFO: data_transformation: Saved Gender mapping: artifacts/lookups/Gender_mapping.csv]
[2025-08-05 13:58:26,307: INFO: data_transformation: Saved Mental_Health_Status mapping: artifacts/lookups/Mental_Health_Status_mapping.csv]
[2025-08-05 13:58:26,308: INFO: data_transformation: Saved Stress_Level mapping: artifacts/lookups/Stress_Level_mapping.csv]
[2025-08-05 13:58:26,309: INFO: data_transformation: Saved Support_Systems_Access mapping: artifacts/lookups/Support_Systems_Access_mapping.csv]
[2025-08-05 13:58:26,310: INFO: data_transformation: Saved Work_Environment_Impact mapping: artifacts/lookups/Work_Environment_Impact_mapping.csv]
[2025-08-05 13:58:26,311: INFO: data_transformation: Saved Online_Support_Usage mapping: artifacts/lookups/Online_Support_Usage_mapping.csv]
[2025-08-05 13:58:26,311: INFO: data_transformation: Data transformation completed. Final shape: (10000, 20)]
[2025-08-05 13:58:26,312: INFO: main: >>>>>> stage Data Transformation stage completed <<<<<<

x==========x]
[2025-08-05 14:10:51,898: INFO: main: >>>>>> Running the pipeline <<<<<<

]
[2025-08-05 14:10:51,898: INFO: main: >>>>>> stage Data Ingestion stage started <<<<<<]
[2025-08-05 14:10:51,901: INFO: common: yaml file: config/config.yaml loaded successfully]
[2025-08-05 14:10:51,903: INFO: common: yaml file: params.yaml loaded successfully]
[2025-08-05 14:10:51,904: INFO: common: yaml file: schema.yaml loaded successfully]
[2025-08-05 14:10:51,904: INFO: common: created directory at: artifacts]
[2025-08-05 14:10:51,904: INFO: common: created directory at: artifacts/data_ingestion]
[2025-08-05 14:10:53,047: INFO: data_ingestion: Downloaded to: /home/cloudnahas-m/.cache/kagglehub/datasets/waqi786/mental-health-and-technology-usage-dataset/versions/1]
[2025-08-05 14:10:53,138: INFO: data_ingestion: Converted mental_health_and_technology_usage_2024.csv to mental_health_data.json]
[2025-08-05 14:10:53,139: INFO: main: >>>>>> stage Data Ingestion stage completed <<<<<<

x==========x]
[2025-08-05 14:10:53,139: INFO: main: >>>>>> stage Data Validation stage started <<<<<<]
[2025-08-05 14:10:53,141: INFO: common: yaml file: config/config.yaml loaded successfully]
[2025-08-05 14:10:53,142: INFO: common: yaml file: params.yaml loaded successfully]
[2025-08-05 14:10:53,143: INFO: common: yaml file: schema.yaml loaded successfully]
[2025-08-05 14:10:53,143: INFO: common: created directory at: artifacts]
[2025-08-05 14:10:53,143: INFO: common: created directory at: artifacts/data_validation]
[2025-08-05 14:10:53,144: INFO: data_validation_pipeline: Starting data validation pipeline...]
[2025-08-05 14:10:53,144: INFO: data_validation_pipeline: === FILE VALIDATION ===]
[2025-08-05 14:10:53,144: INFO: data_validation: Validating data files...]
[2025-08-05 14:10:53,144: INFO: data_validation: ✅ All required files found!]
[2025-08-05 14:10:53,144: INFO: data_validation_pipeline: Loading data from artifacts/data_ingestion/mental_health_and_technology_usage_2024.csv]
[2025-08-05 14:10:53,153: INFO: data_validation_pipeline: === COLUMN VALIDATION ===]
[2025-08-05 14:10:53,153: INFO: data_validation: Validating data columns against schema...]
[2025-08-05 14:10:53,155: INFO: data_validation: ✅ All columns validated successfully!]
[2025-08-05 14:10:53,155: INFO: data_validation_pipeline: === QUALITY VALIDATION ===]
[2025-08-05 14:10:53,155: INFO: data_validation: Validating data quality...]
[2025-08-05 14:10:53,164: INFO: data_validation: ✅ Data quality validation passed!]
[2025-08-05 14:10:53,164: INFO: data_validation_pipeline: === RANGE VALIDATION ===]
[2025-08-05 14:10:53,164: INFO: data_validation: Validating data ranges...]
[2025-08-05 14:10:53,164: INFO: data_validation: ✅ Data range validation passed!]
[2025-08-05 14:10:53,164: INFO: data_validation_pipeline: ✅ All validation categories passed!]
[2025-08-05 14:10:53,165: INFO: data_validation: Validation status saved to artifacts/data_validation/status.txt]
[2025-08-05 14:10:53,165: INFO: main: >>>>>> stage Data Validation stage completed <<<<<<

x==========x]
[2025-08-05 14:10:53,165: INFO: main: >>>>>> stage Data Transformation stage started <<<<<<]
[2025-08-05 14:10:53,167: INFO: common: yaml file: config/config.yaml loaded successfully]
[2025-08-05 14:10:53,168: INFO: common: yaml file: params.yaml loaded successfully]
[2025-08-05 14:10:53,168: INFO: common: yaml file: schema.yaml loaded successfully]
[2025-08-05 14:10:53,169: INFO: common: created directory at: artifacts]
[2025-08-05 14:10:53,169: INFO: common: created directory at: artifacts/data_transformation]
[2025-08-05 14:10:53,169: INFO: common: created directory at: artifacts/data_transformation]
[2025-08-05 14:10:53,169: INFO: data_transformation: Created/verified directory: artifacts/data_transformation]
[2025-08-05 14:10:53,169: INFO: data_transformation: Created/verified directory: artifacts/data_transformation]
[2025-08-05 14:10:53,169: INFO: data_transformation: Created/verified directory: artifacts/lookups]
[2025-08-05 14:10:53,169: INFO: data_transformation: Starting data transformation...]
[2025-08-05 14:10:53,169: INFO: data_transformation: Loading data from artifacts/data_ingestion/mental_health_and_technology_usage_2024.csv]
[2025-08-05 14:10:53,178: INFO: data_transformation: Loaded data with shape: (10000, 14)]
[2025-08-05 14:10:53,178: INFO: data_transformation: Starting encoding of all string columns...]
[2025-08-05 14:10:53,180: INFO: data_transformation: Found 7 string columns to encode: ['User_ID', 'Gender', 'Mental_Health_Status', 'Stress_Level', 'Support_Systems_Access', 'Work_Environment_Impact', 'Online_Support_Usage']]
[2025-08-05 14:10:53,192: INFO: data_transformation: Encoded column: User_ID -> User_ID_encoded]
[2025-08-05 14:10:53,194: INFO: data_transformation: Encoded column: Gender -> Gender_encoded]
[2025-08-05 14:10:53,196: INFO: data_transformation: Encoded column: Mental_Health_Status -> Mental_Health_Status_encoded]
[2025-08-05 14:10:53,198: INFO: data_transformation: Encoded column: Stress_Level -> Stress_Level_encoded]
[2025-08-05 14:10:53,200: INFO: data_transformation: Encoded column: Support_Systems_Access -> Support_Systems_Access_encoded]
[2025-08-05 14:10:53,202: INFO: data_transformation: Encoded column: Work_Environment_Impact -> Work_Environment_Impact_encoded]
[2025-08-05 14:10:53,204: INFO: data_transformation: Encoded column: Online_Support_Usage -> Online_Support_Usage_encoded]
[2025-08-05 14:10:53,204: INFO: data_transformation: Capping physical activity to maximum of 6...]
[2025-08-05 14:10:53,205: INFO: data_transformation: Capped Physical_Activity_Hours from 10.0 to 6.0]
[2025-08-05 14:10:53,205: INFO: data_transformation: Creating custom mood score...]
[2025-08-05 14:10:53,206: INFO: data_transformation: Mood score created with range: 50.00 - 50.00]
[2025-08-05 14:10:53,206: INFO: data_transformation: Dropping unnecessary columns...]
[2025-08-05 14:10:53,207: INFO: data_transformation: Dropping column: User_ID]
[2025-08-05 14:10:53,207: INFO: data_transformation: Dropping column: Technology_Usage_Hours]
[2025-08-05 14:10:53,207: INFO: data_transformation: Dropping column: User_ID]
[2025-08-05 14:10:53,208: INFO: data_transformation: Dropping column: Gender]
[2025-08-05 14:10:53,208: INFO: data_transformation: Dropping column: Mental_Health_Status]
[2025-08-05 14:10:53,208: INFO: data_transformation: Dropping column: Stress_Level]
[2025-08-05 14:10:53,208: INFO: data_transformation: Dropping column: Support_Systems_Access]
[2025-08-05 14:10:53,208: INFO: data_transformation: Dropping column: Work_Environment_Impact]
[2025-08-05 14:10:53,208: INFO: data_transformation: Dropping column: Online_Support_Usage]
[2025-08-05 14:10:53,211: INFO: data_transformation: Dropped 9 columns: ['User_ID', 'Technology_Usage_Hours', 'User_ID', 'Gender', 'Mental_Health_Status', 'Stress_Level', 'Support_Systems_Access', 'Work_Environment_Impact', 'Online_Support_Usage']]
[2025-08-05 14:10:53,212: INFO: data_transformation: Validating target columns...]
[2025-08-05 14:10:53,212: WARNING: data_transformation: Missing target columns: ['Mental_Health_Status', 'Stress_Level']]
[2025-08-05 14:10:53,212: INFO: data_transformation: Saving transformed data...]
[2025-08-05 14:10:53,247: INFO: data_transformation: Saved transformed data as CSV: artifacts/data_transformation/transformed_data.csv]
[2025-08-05 14:10:53,268: INFO: data_transformation: Saved transformed data as JSON: artifacts/data_transformation/transformed_data.json]
[2025-08-05 14:10:53,273: INFO: data_transformation: Saved label encoders: artifacts/data_transformation/label_encoders.json]
[2025-08-05 14:10:53,273: INFO: data_transformation: Saving lookup tables...]
[2025-08-05 14:10:53,303: INFO: data_transformation: Saved lookup table: artifacts/lookups/column_encodings.json]
[2025-08-05 14:10:53,309: INFO: data_transformation: Saved User_ID mapping: artifacts/lookups/User_ID_mapping.csv]
[2025-08-05 14:10:53,309: INFO: data_transformation: Saved Gender mapping: artifacts/lookups/Gender_mapping.csv]
[2025-08-05 14:10:53,310: INFO: data_transformation: Saved Mental_Health_Status mapping: artifacts/lookups/Mental_Health_Status_mapping.csv]
[2025-08-05 14:10:53,311: INFO: data_transformation: Saved Stress_Level mapping: artifacts/lookups/Stress_Level_mapping.csv]
[2025-08-05 14:10:53,312: INFO: data_transformation: Saved Support_Systems_Access mapping: artifacts/lookups/Support_Systems_Access_mapping.csv]
[2025-08-05 14:10:53,313: INFO: data_transformation: Saved Work_Environment_Impact mapping: artifacts/lookups/Work_Environment_Impact_mapping.csv]
[2025-08-05 14:10:53,313: INFO: data_transformation: Saved Online_Support_Usage mapping: artifacts/lookups/Online_Support_Usage_mapping.csv]
[2025-08-05 14:10:53,314: INFO: data_transformation: Data transformation completed. Final shape: (10000, 14)]
[2025-08-05 14:10:53,314: INFO: main: >>>>>> stage Data Transformation stage completed <<<<<<

x==========x]
