[2025-08-04 19:47:29,539: INFO: main: >>>>>> Running the pipeline <<<<<<]
[2025-08-04 19:47:29,539: INFO: main: >>>>>> stage Data Ingestion stage started <<<<<<]
[2025-08-04 19:47:29,540: INFO: common: yaml file: config/config.yaml loaded successfully]
[2025-08-04 19:47:29,541: INFO: common: yaml file: params.yaml loaded successfully]
[2025-08-04 19:47:29,542: INFO: common: yaml file: schema.yaml loaded successfully]
[2025-08-04 19:47:29,542: INFO: common: created directory at: artifacts]
[2025-08-04 19:47:29,542: INFO: common: created directory at: artifacts/data_ingestion]
[2025-08-04 19:47:30,429: INFO: data_ingestion: Downloaded to: /home/afifn/.cache/kagglehub/datasets/waqi786/mental-health-and-technology-usage-dataset/versions/1]
[2025-08-04 19:47:30,467: INFO: data_ingestion: Converted mental_health_and_technology_usage_2024.csv to mental_health_data.json]
[2025-08-04 19:47:30,468: INFO: main: >>>>>> stage Data Ingestion stage completed <<<<<<

x==========x]
[2025-08-04 19:47:30,468: INFO: main: >>>>>> stage Data Validation stage started <<<<<<]
[2025-08-04 19:47:30,469: INFO: common: yaml file: config/config.yaml loaded successfully]
[2025-08-04 19:47:30,469: INFO: common: yaml file: params.yaml loaded successfully]
[2025-08-04 19:47:30,469: INFO: common: yaml file: schema.yaml loaded successfully]
[2025-08-04 19:47:30,470: INFO: common: created directory at: artifacts]
[2025-08-04 19:47:30,470: INFO: common: created directory at: artifacts/data_validation]
[2025-08-04 19:47:30,470: INFO: data_validation_pipeline: Starting data validation pipeline...]
[2025-08-04 19:47:30,470: INFO: data_validation_pipeline: === FILE VALIDATION ===]
[2025-08-04 19:47:30,470: INFO: data_validation: Validating data files...]
[2025-08-04 19:47:30,470: INFO: data_validation: ✅ All required files found!]
[2025-08-04 19:47:30,470: INFO: data_validation_pipeline: Loading data from artifacts/data_ingestion/mental_health_and_technology_usage_2024.csv]
[2025-08-04 19:47:30,476: INFO: data_validation_pipeline: === COLUMN VALIDATION ===]
[2025-08-04 19:47:30,476: INFO: data_validation: Validating data columns against schema...]
[2025-08-04 19:47:30,477: INFO: data_validation: ✅ All columns validated successfully!]
[2025-08-04 19:47:30,477: INFO: data_validation_pipeline: === QUALITY VALIDATION ===]
[2025-08-04 19:47:30,477: INFO: data_validation: Validating data quality...]
[2025-08-04 19:47:30,483: INFO: data_validation: ✅ Data quality validation passed!]
[2025-08-04 19:47:30,483: INFO: data_validation_pipeline: === RANGE VALIDATION ===]
[2025-08-04 19:47:30,483: INFO: data_validation: Validating data ranges...]
[2025-08-04 19:47:30,483: INFO: data_validation: ✅ Data range validation passed!]
[2025-08-04 19:47:30,484: INFO: data_validation_pipeline: ✅ All validation categories passed!]
[2025-08-04 19:47:30,484: INFO: data_validation: Validation status saved to artifacts/data_validation/status.txt]
[2025-08-04 19:47:30,484: INFO: main: >>>>>> stage Data Validation stage completed <<<<<<

x==========x]
[2025-08-04 19:47:30,484: INFO: main: >>>>>> stage Data Transformation stage started <<<<<<]
[2025-08-04 19:47:30,485: INFO: common: yaml file: config/config.yaml loaded successfully]
[2025-08-04 19:47:30,485: INFO: common: yaml file: params.yaml loaded successfully]
[2025-08-04 19:47:30,486: INFO: common: yaml file: schema.yaml loaded successfully]
[2025-08-04 19:47:30,486: INFO: common: created directory at: artifacts]
[2025-08-04 19:47:30,486: INFO: common: created directory at: artifacts/data_transformation]
[2025-08-04 19:47:30,486: INFO: common: created directory at: artifacts/data_transformation]
[2025-08-04 19:47:30,486: INFO: data_transformation: Starting data transformation...]
[2025-08-04 19:47:30,486: ERROR: main: unsupported operand type(s) for /: 'str' and 'str']
Traceback (most recent call last):
  File "/home/afifn/projects/mlops-mood-score/main.py", line 32, in <module>
    data_transformation.initiate_data_transformation()
    ~~~~~~~~~~~~~~~~~~~~~~~~~~~~~~~~~~~~~~~~~~~~~~~~^^
  File "/home/afifn/projects/mlops-mood-score/src/datascience/pipeline/data_transformation_pipeline.py", line 15, in initiate_data_transformation
    data_transformation.transform_data()
    ~~~~~~~~~~~~~~~~~~~~~~~~~~~~~~~~~~^^
  File "/home/afifn/projects/mlops-mood-score/src/datascience/components/data_transformation.py", line 152, in transform_data
    df = self.load_data()
  File "/home/afifn/projects/mlops-mood-score/src/datascience/components/data_transformation.py", line 17, in load_data
    data_file = self.config.data_path / "mental_health_and_technology_usage_2024.csv"
                ~~~~~~~~~~~~~~~~~~~~~~^~~~~~~~~~~~~~~~~~~~~~~~~~~~~~~~~~~~~~~~~~~~~~~
TypeError: unsupported operand type(s) for /: 'str' and 'str'
[2025-08-04 19:48:08,823: INFO: main: >>>>>> Running the pipeline <<<<<<]
[2025-08-04 19:48:08,823: INFO: main: >>>>>> stage Data Ingestion stage started <<<<<<]
[2025-08-04 19:48:08,825: INFO: common: yaml file: config/config.yaml loaded successfully]
[2025-08-04 19:48:08,826: INFO: common: yaml file: params.yaml loaded successfully]
[2025-08-04 19:48:08,826: INFO: common: yaml file: schema.yaml loaded successfully]
[2025-08-04 19:48:08,826: INFO: common: created directory at: artifacts]
[2025-08-04 19:48:08,826: INFO: common: created directory at: artifacts/data_ingestion]
[2025-08-04 19:48:09,546: INFO: data_ingestion: Downloaded to: /home/afifn/.cache/kagglehub/datasets/waqi786/mental-health-and-technology-usage-dataset/versions/1]
[2025-08-04 19:48:09,577: INFO: data_ingestion: Converted mental_health_and_technology_usage_2024.csv to mental_health_data.json]
[2025-08-04 19:48:09,577: INFO: main: >>>>>> stage Data Ingestion stage completed <<<<<<

x==========x]
[2025-08-04 19:48:09,577: INFO: main: >>>>>> stage Data Validation stage started <<<<<<]
[2025-08-04 19:48:09,578: INFO: common: yaml file: config/config.yaml loaded successfully]
[2025-08-04 19:48:09,578: INFO: common: yaml file: params.yaml loaded successfully]
[2025-08-04 19:48:09,579: INFO: common: yaml file: schema.yaml loaded successfully]
[2025-08-04 19:48:09,579: INFO: common: created directory at: artifacts]
[2025-08-04 19:48:09,579: INFO: common: created directory at: artifacts/data_validation]
[2025-08-04 19:48:09,579: INFO: data_validation_pipeline: Starting data validation pipeline...]
[2025-08-04 19:48:09,579: INFO: data_validation_pipeline: === FILE VALIDATION ===]
[2025-08-04 19:48:09,579: INFO: data_validation: Validating data files...]
[2025-08-04 19:48:09,579: INFO: data_validation: ✅ All required files found!]
[2025-08-04 19:48:09,579: INFO: data_validation_pipeline: Loading data from artifacts/data_ingestion/mental_health_and_technology_usage_2024.csv]
[2025-08-04 19:48:09,586: INFO: data_validation_pipeline: === COLUMN VALIDATION ===]
[2025-08-04 19:48:09,586: INFO: data_validation: Validating data columns against schema...]
[2025-08-04 19:48:09,586: INFO: data_validation: ✅ All columns validated successfully!]
[2025-08-04 19:48:09,586: INFO: data_validation_pipeline: === QUALITY VALIDATION ===]
[2025-08-04 19:48:09,586: INFO: data_validation: Validating data quality...]
[2025-08-04 19:48:09,594: INFO: data_validation: ✅ Data quality validation passed!]
[2025-08-04 19:48:09,594: INFO: data_validation_pipeline: === RANGE VALIDATION ===]
[2025-08-04 19:48:09,594: INFO: data_validation: Validating data ranges...]
[2025-08-04 19:48:09,594: INFO: data_validation: ✅ Data range validation passed!]
[2025-08-04 19:48:09,594: INFO: data_validation_pipeline: ✅ All validation categories passed!]
[2025-08-04 19:48:09,595: INFO: data_validation: Validation status saved to artifacts/data_validation/status.txt]
[2025-08-04 19:48:09,595: INFO: main: >>>>>> stage Data Validation stage completed <<<<<<

x==========x]
[2025-08-04 19:48:09,595: INFO: main: >>>>>> stage Data Transformation stage started <<<<<<]
[2025-08-04 19:48:09,596: INFO: common: yaml file: config/config.yaml loaded successfully]
[2025-08-04 19:48:09,596: INFO: common: yaml file: params.yaml loaded successfully]
[2025-08-04 19:48:09,597: INFO: common: yaml file: schema.yaml loaded successfully]
[2025-08-04 19:48:09,597: INFO: common: created directory at: artifacts]
[2025-08-04 19:48:09,597: INFO: common: created directory at: artifacts/data_transformation]
[2025-08-04 19:48:09,597: INFO: common: created directory at: artifacts/data_transformation]
[2025-08-04 19:48:09,597: INFO: data_transformation: Starting data transformation...]
[2025-08-04 19:48:09,597: ERROR: main: unsupported operand type(s) for /: 'str' and 'str']
Traceback (most recent call last):
  File "/home/afifn/projects/mlops-mood-score/main.py", line 32, in <module>
    data_transformation.initiate_data_transformation()
  File "/home/afifn/projects/mlops-mood-score/src/datascience/pipeline/data_transformation_pipeline.py", line 15, in initiate_data_transformation
    data_transformation.transform_data()
  File "/home/afifn/projects/mlops-mood-score/src/datascience/components/data_transformation.py", line 152, in transform_data
    df = self.load_data()
  File "/home/afifn/projects/mlops-mood-score/src/datascience/components/data_transformation.py", line 17, in load_data
    data_file = self.config.data_path / "mental_health_and_technology_usage_2024.csv"
TypeError: unsupported operand type(s) for /: 'str' and 'str'
[2025-08-04 20:09:33,595: INFO: main: >>>>>> Running the pipeline <<<<<<]
[2025-08-04 20:09:33,595: INFO: main: >>>>>> stage Data Ingestion stage started <<<<<<]
[2025-08-04 20:09:33,596: INFO: common: yaml file: config/config.yaml loaded successfully]
[2025-08-04 20:09:33,597: INFO: common: yaml file: params.yaml loaded successfully]
[2025-08-04 20:09:33,598: INFO: common: yaml file: schema.yaml loaded successfully]
[2025-08-04 20:09:33,598: INFO: common: created directory at: artifacts]
[2025-08-04 20:09:33,598: INFO: common: created directory at: artifacts/data_ingestion]
[2025-08-04 20:09:34,427: INFO: data_ingestion: Downloaded to: /home/afifn/.cache/kagglehub/datasets/waqi786/mental-health-and-technology-usage-dataset/versions/1]
[2025-08-04 20:09:34,460: INFO: data_ingestion: Converted mental_health_and_technology_usage_2024.csv to mental_health_data.json]
[2025-08-04 20:09:34,460: INFO: main: >>>>>> stage Data Ingestion stage completed <<<<<<

x==========x]
[2025-08-04 20:09:34,460: INFO: main: >>>>>> stage Data Validation stage started <<<<<<]
[2025-08-04 20:09:34,461: INFO: common: yaml file: config/config.yaml loaded successfully]
[2025-08-04 20:09:34,462: INFO: common: yaml file: params.yaml loaded successfully]
[2025-08-04 20:09:34,462: INFO: common: yaml file: schema.yaml loaded successfully]
[2025-08-04 20:09:34,462: INFO: common: created directory at: artifacts]
[2025-08-04 20:09:34,462: INFO: common: created directory at: artifacts/data_validation]
[2025-08-04 20:09:34,462: INFO: data_validation_pipeline: Starting data validation pipeline...]
[2025-08-04 20:09:34,462: INFO: data_validation_pipeline: === FILE VALIDATION ===]
[2025-08-04 20:09:34,462: INFO: data_validation: Validating data files...]
[2025-08-04 20:09:34,462: INFO: data_validation: ✅ All required files found!]
[2025-08-04 20:09:34,463: INFO: data_validation_pipeline: Loading data from artifacts/data_ingestion/mental_health_and_technology_usage_2024.csv]
[2025-08-04 20:09:34,469: INFO: data_validation_pipeline: === COLUMN VALIDATION ===]
[2025-08-04 20:09:34,469: INFO: data_validation: Validating data columns against schema...]
[2025-08-04 20:09:34,469: INFO: data_validation: ✅ All columns validated successfully!]
[2025-08-04 20:09:34,469: INFO: data_validation_pipeline: === QUALITY VALIDATION ===]
[2025-08-04 20:09:34,469: INFO: data_validation: Validating data quality...]
[2025-08-04 20:09:34,477: INFO: data_validation: ✅ Data quality validation passed!]
[2025-08-04 20:09:34,477: INFO: data_validation_pipeline: === RANGE VALIDATION ===]
[2025-08-04 20:09:34,477: INFO: data_validation: Validating data ranges...]
[2025-08-04 20:09:34,477: INFO: data_validation: ✅ Data range validation passed!]
[2025-08-04 20:09:34,477: INFO: data_validation_pipeline: ✅ All validation categories passed!]
[2025-08-04 20:09:34,477: INFO: data_validation: Validation status saved to artifacts/data_validation/status.txt]
[2025-08-04 20:09:34,477: INFO: main: >>>>>> stage Data Validation stage completed <<<<<<

x==========x]
[2025-08-04 20:09:34,477: INFO: main: >>>>>> stage Data Transformation stage started <<<<<<]
[2025-08-04 20:09:34,479: INFO: common: yaml file: config/config.yaml loaded successfully]
[2025-08-04 20:09:34,479: INFO: common: yaml file: params.yaml loaded successfully]
[2025-08-04 20:09:34,480: INFO: common: yaml file: schema.yaml loaded successfully]
[2025-08-04 20:09:34,480: INFO: common: created directory at: artifacts]
[2025-08-04 20:09:34,480: INFO: common: created directory at: artifacts/data_transformation]
[2025-08-04 20:09:34,480: INFO: common: created directory at: artifacts/data_transformation]
[2025-08-04 20:09:34,480: INFO: data_transformation: Created/verified directory: artifacts/data_transformation]
[2025-08-04 20:09:34,480: INFO: data_transformation: Created/verified directory: artifacts/data_transformation]
[2025-08-04 20:09:34,480: INFO: data_transformation: Starting data transformation...]
[2025-08-04 20:09:34,480: INFO: data_transformation: Loading data from artifacts/data_ingestion/mental_health_and_technology_usage_2024.csv]
[2025-08-04 20:09:34,487: INFO: data_transformation: Loaded data with shape: (10000, 14)]
[2025-08-04 20:09:34,487: INFO: data_transformation: Starting categorical column encoding...]
[2025-08-04 20:09:34,489: INFO: data_transformation: Encoded column: Gender -> Gender_encoded]
[2025-08-04 20:09:34,490: INFO: data_transformation: Encoded column: Support_Systems_Access -> Support_Systems_Access_encoded]
[2025-08-04 20:09:34,490: WARNING: data_transformation: Column Technology_Usage_Frequency not found in dataset]
[2025-08-04 20:09:34,490: WARNING: data_transformation: Column Social_Media_Usage not found in dataset]
[2025-08-04 20:09:34,490: WARNING: data_transformation: Column Sleep_Quality not found in dataset]
[2025-08-04 20:09:34,490: WARNING: data_transformation: Column Exercise_Frequency not found in dataset]
[2025-08-04 20:09:34,490: WARNING: data_transformation: Column Diet_Quality not found in dataset]
[2025-08-04 20:09:34,490: WARNING: data_transformation: Column Work_Life_Balance not found in dataset]
[2025-08-04 20:09:34,490: WARNING: data_transformation: Column Financial_Stress not found in dataset]
[2025-08-04 20:09:34,490: WARNING: data_transformation: Column Relationship_Status not found in dataset]
[2025-08-04 20:09:34,490: WARNING: data_transformation: Column Education_Level not found in dataset]
[2025-08-04 20:09:34,490: WARNING: data_transformation: Column Employment_Status not found in dataset]
[2025-08-04 20:09:34,490: WARNING: data_transformation: Column Living_Situation not found in dataset]
[2025-08-04 20:09:34,490: WARNING: data_transformation: Column Access_to_Mental_Health_Services not found in dataset]
[2025-08-04 20:09:34,490: WARNING: data_transformation: Column Previous_Mental_Health_Diagnosis not found in dataset]
[2025-08-04 20:09:34,490: WARNING: data_transformation: Column Family_History_of_Mental_Health_Issues not found in dataset]
[2025-08-04 20:09:34,490: WARNING: data_transformation: Column Substance_Use not found in dataset]
[2025-08-04 20:09:34,490: WARNING: data_transformation: Column Coping_Mechanisms not found in dataset]
[2025-08-04 20:09:34,490: WARNING: data_transformation: Column Social_Support_Network not found in dataset]
[2025-08-04 20:09:34,490: WARNING: data_transformation: Column Life_Satisfaction not found in dataset]
[2025-08-04 20:09:34,490: WARNING: data_transformation: Column Future_Outlook not found in dataset]
[2025-08-04 20:09:34,490: INFO: data_transformation: Creating custom mood score...]
[2025-08-04 20:09:34,492: INFO: data_transformation: Mood score created with range: 50.00 - 50.00]
[2025-08-04 20:09:34,492: INFO: data_transformation: Dropping unnecessary columns...]
[2025-08-04 20:09:34,492: INFO: data_transformation: Dropping column: User_ID]
[2025-08-04 20:09:34,492: INFO: data_transformation: Dropped 1 columns]
[2025-08-04 20:09:34,493: INFO: data_transformation: Validating target columns...]
[2025-08-04 20:09:34,493: INFO: data_transformation: Target column found: Mental_Health_Status]
[2025-08-04 20:09:34,493: INFO: data_transformation: Target column found: Stress_Level]
[2025-08-04 20:09:34,493: INFO: data_transformation: Saving transformed data...]
[2025-08-04 20:09:34,524: INFO: data_transformation: Saved transformed data as CSV: artifacts/data_transformation/transformed_data.csv]
[2025-08-04 20:09:34,556: INFO: data_transformation: Saved transformed data as JSON: artifacts/data_transformation/transformed_data.json]
[2025-08-04 20:09:34,557: INFO: data_transformation: Saved label encoders: artifacts/data_transformation/label_encoders.json]
[2025-08-04 20:09:34,557: INFO: data_transformation: Data transformation completed. Final shape: (10000, 16)]
[2025-08-04 20:09:34,557: INFO: main: >>>>>> stage Data Transformation stage completed <<<<<<

x==========x]
